  [1m[35m (3.6ms)[0m  [1m[34mSELECT sqlite_version(*)[0m
  [1m[35m (1.7ms)[0m  [1m[35mCREATE TABLE "schema_migrations" ("version" varchar NOT NULL PRIMARY KEY)[0m
  [1m[35m (2.6ms)[0m  [1m[35mCREATE TABLE "ar_internal_metadata" ("key" varchar NOT NULL PRIMARY KEY, "value" varchar, "created_at" datetime(6) NOT NULL, "updated_at" datetime(6) NOT NULL)[0m
  [1m[35m (0.2ms)[0m  [1m[34mSELECT "schema_migrations"."version" FROM "schema_migrations" ORDER BY "schema_migrations"."version" ASC[0m
Migrating to DeviseCreateUsers (20220705111933)
  [1m[35m (0.1ms)[0m  [1m[36mbegin transaction[0m
  [1m[35m (0.9ms)[0m  [1m[35mCREATE TABLE "users" ("id" integer PRIMARY KEY AUTOINCREMENT NOT NULL, "email" varchar DEFAULT '' NOT NULL, "encrypted_password" varchar DEFAULT '' NOT NULL, "reset_password_token" varchar, "reset_password_sent_at" datetime, "remember_created_at" datetime, "created_at" datetime(6) NOT NULL, "updated_at" datetime(6) NOT NULL)[0m
  [1m[35m (0.2ms)[0m  [1m[35mCREATE UNIQUE INDEX "index_users_on_email" ON "users" ("email")[0m
  [1m[35m (0.3ms)[0m  [1m[35mCREATE UNIQUE INDEX "index_users_on_reset_password_token" ON "users" ("reset_password_token")[0m
  [1m[36mActiveRecord::SchemaMigration Create (0.3ms)[0m  [1m[32mINSERT INTO "schema_migrations" ("version") VALUES (?)[0m  [["version", "20220705111933"]]
  [1m[35m (1.1ms)[0m  [1m[36mcommit transaction[0m
  [1m[36mActiveRecord::InternalMetadata Load (0.3ms)[0m  [1m[34mSELECT "ar_internal_metadata".* FROM "ar_internal_metadata" WHERE "ar_internal_metadata"."key" = ? LIMIT ?[0m  [["key", "environment"], ["LIMIT", 1]]
  [1m[35m (0.1ms)[0m  [1m[36mbegin transaction[0m
  [1m[36mActiveRecord::InternalMetadata Create (0.7ms)[0m  [1m[32mINSERT INTO "ar_internal_metadata" ("key", "value", "created_at", "updated_at") VALUES (?, ?, ?, ?)[0m  [["key", "environment"], ["value", "development"], ["created_at", "2022-07-05 11:22:40.166355"], ["updated_at", "2022-07-05 11:22:40.166355"]]
  [1m[35m (1.3ms)[0m  [1m[36mcommit transaction[0m
  [1m[35m (0.1ms)[0m  [1m[34mSELECT sqlite_version(*)[0m
  [1m[35m (0.4ms)[0m  [1m[34mSELECT "schema_migrations"."version" FROM "schema_migrations" ORDER BY "schema_migrations"."version" ASC[0m
Started GET "/" for ::1 at 2022-07-05 14:24:23 +0300
  [1m[35m (1.4ms)[0m  [1m[34mSELECT sqlite_version(*)[0m
  [1m[35m (0.5ms)[0m  [1m[34mSELECT "schema_migrations"."version" FROM "schema_migrations" ORDER BY "schema_migrations"."version" ASC[0m
  
ActionController::RoutingError (uninitialized constant HomeController):
  
actionpack (6.0.5) lib/action_dispatch/http/request.rb:92:in `rescue in controller_class_for'
actionpack (6.0.5) lib/action_dispatch/http/request.rb:88:in `controller_class_for'
actionpack (6.0.5) lib/action_dispatch/http/request.rb:81:in `controller_class'
actionpack (6.0.5) lib/action_dispatch/routing/route_set.rb:44:in `controller'
actionpack (6.0.5) lib/action_dispatch/routing/route_set.rb:31:in `serve'
actionpack (6.0.5) lib/action_dispatch/journey/router.rb:49:in `block in serve'
actionpack (6.0.5) lib/action_dispatch/journey/router.rb:32:in `each'
actionpack (6.0.5) lib/action_dispatch/journey/router.rb:32:in `serve'
actionpack (6.0.5) lib/action_dispatch/routing/route_set.rb:834:in `call'
warden (1.2.9) lib/warden/manager.rb:36:in `block in call'
warden (1.2.9) lib/warden/manager.rb:34:in `catch'
warden (1.2.9) lib/warden/manager.rb:34:in `call'
rack (2.2.4) lib/rack/tempfile_reaper.rb:15:in `call'
rack (2.2.4) lib/rack/etag.rb:27:in `call'
rack (2.2.4) lib/rack/conditional_get.rb:27:in `call'
rack (2.2.4) lib/rack/head.rb:12:in `call'
actionpack (6.0.5) lib/action_dispatch/http/content_security_policy.rb:18:in `call'
rack (2.2.4) lib/rack/session/abstract/id.rb:266:in `context'
rack (2.2.4) lib/rack/session/abstract/id.rb:260:in `call'
actionpack (6.0.5) lib/action_dispatch/middleware/cookies.rb:654:in `call'
activerecord (6.0.5) lib/active_record/migration.rb:567:in `call'
actionpack (6.0.5) lib/action_dispatch/middleware/callbacks.rb:27:in `block in call'
activesupport (6.0.5) lib/active_support/callbacks.rb:101:in `run_callbacks'
actionpack (6.0.5) lib/action_dispatch/middleware/callbacks.rb:26:in `call'
actionpack (6.0.5) lib/action_dispatch/middleware/executor.rb:14:in `call'
actionpack (6.0.5) lib/action_dispatch/middleware/actionable_exceptions.rb:18:in `call'
actionpack (6.0.5) lib/action_dispatch/middleware/debug_exceptions.rb:32:in `call'
web-console (4.2.0) lib/web_console/middleware.rb:132:in `call_app'
web-console (4.2.0) lib/web_console/middleware.rb:28:in `block in call'
web-console (4.2.0) lib/web_console/middleware.rb:17:in `catch'
web-console (4.2.0) lib/web_console/middleware.rb:17:in `call'
actionpack (6.0.5) lib/action_dispatch/middleware/show_exceptions.rb:33:in `call'
railties (6.0.5) lib/rails/rack/logger.rb:37:in `call_app'
railties (6.0.5) lib/rails/rack/logger.rb:26:in `block in call'
activesupport (6.0.5) lib/active_support/tagged_logging.rb:80:in `block in tagged'
activesupport (6.0.5) lib/active_support/tagged_logging.rb:28:in `tagged'
activesupport (6.0.5) lib/active_support/tagged_logging.rb:80:in `tagged'
railties (6.0.5) lib/rails/rack/logger.rb:26:in `call'
sprockets-rails (3.4.2) lib/sprockets/rails/quiet_assets.rb:13:in `call'
actionpack (6.0.5) lib/action_dispatch/middleware/remote_ip.rb:81:in `call'
actionpack (6.0.5) lib/action_dispatch/middleware/request_id.rb:27:in `call'
rack (2.2.4) lib/rack/method_override.rb:24:in `call'
rack (2.2.4) lib/rack/runtime.rb:22:in `call'
activesupport (6.0.5) lib/active_support/cache/strategy/local_cache_middleware.rb:29:in `call'
actionpack (6.0.5) lib/action_dispatch/middleware/executor.rb:14:in `call'
actionpack (6.0.5) lib/action_dispatch/middleware/static.rb:126:in `call'
rack (2.2.4) lib/rack/sendfile.rb:110:in `call'
actionpack (6.0.5) lib/action_dispatch/middleware/host_authorization.rb:103:in `call'
webpacker (4.3.0) lib/webpacker/dev_server_proxy.rb:23:in `perform_request'
rack-proxy (0.7.2) lib/rack/proxy.rb:67:in `call'
railties (6.0.5) lib/rails/engine.rb:527:in `call'
puma (4.3.12) lib/puma/configuration.rb:228:in `call'
puma (4.3.12) lib/puma/server.rb:727:in `handle_request'
puma (4.3.12) lib/puma/server.rb:476:in `process_client'
puma (4.3.12) lib/puma/server.rb:332:in `block in run'
puma (4.3.12) lib/puma/thread_pool.rb:134:in `block in spawn_thread'
Started GET "/" for ::1 at 2022-07-05 14:24:26 +0300
  
ActionController::RoutingError (uninitialized constant HomeController):
  
actionpack (6.0.5) lib/action_dispatch/http/request.rb:92:in `rescue in controller_class_for'
actionpack (6.0.5) lib/action_dispatch/http/request.rb:88:in `controller_class_for'
actionpack (6.0.5) lib/action_dispatch/http/request.rb:81:in `controller_class'
actionpack (6.0.5) lib/action_dispatch/routing/route_set.rb:44:in `controller'
actionpack (6.0.5) lib/action_dispatch/routing/route_set.rb:31:in `serve'
actionpack (6.0.5) lib/action_dispatch/journey/router.rb:49:in `block in serve'
actionpack (6.0.5) lib/action_dispatch/journey/router.rb:32:in `each'
actionpack (6.0.5) lib/action_dispatch/journey/router.rb:32:in `serve'
actionpack (6.0.5) lib/action_dispatch/routing/route_set.rb:834:in `call'
warden (1.2.9) lib/warden/manager.rb:36:in `block in call'
warden (1.2.9) lib/warden/manager.rb:34:in `catch'
warden (1.2.9) lib/warden/manager.rb:34:in `call'
rack (2.2.4) lib/rack/tempfile_reaper.rb:15:in `call'
rack (2.2.4) lib/rack/etag.rb:27:in `call'
rack (2.2.4) lib/rack/conditional_get.rb:27:in `call'
rack (2.2.4) lib/rack/head.rb:12:in `call'
actionpack (6.0.5) lib/action_dispatch/http/content_security_policy.rb:18:in `call'
rack (2.2.4) lib/rack/session/abstract/id.rb:266:in `context'
rack (2.2.4) lib/rack/session/abstract/id.rb:260:in `call'
actionpack (6.0.5) lib/action_dispatch/middleware/cookies.rb:654:in `call'
activerecord (6.0.5) lib/active_record/migration.rb:567:in `call'
actionpack (6.0.5) lib/action_dispatch/middleware/callbacks.rb:27:in `block in call'
activesupport (6.0.5) lib/active_support/callbacks.rb:101:in `run_callbacks'
actionpack (6.0.5) lib/action_dispatch/middleware/callbacks.rb:26:in `call'
actionpack (6.0.5) lib/action_dispatch/middleware/executor.rb:14:in `call'
actionpack (6.0.5) lib/action_dispatch/middleware/actionable_exceptions.rb:18:in `call'
actionpack (6.0.5) lib/action_dispatch/middleware/debug_exceptions.rb:32:in `call'
web-console (4.2.0) lib/web_console/middleware.rb:132:in `call_app'
web-console (4.2.0) lib/web_console/middleware.rb:28:in `block in call'
web-console (4.2.0) lib/web_console/middleware.rb:17:in `catch'
web-console (4.2.0) lib/web_console/middleware.rb:17:in `call'
actionpack (6.0.5) lib/action_dispatch/middleware/show_exceptions.rb:33:in `call'
railties (6.0.5) lib/rails/rack/logger.rb:37:in `call_app'
railties (6.0.5) lib/rails/rack/logger.rb:26:in `block in call'
activesupport (6.0.5) lib/active_support/tagged_logging.rb:80:in `block in tagged'
activesupport (6.0.5) lib/active_support/tagged_logging.rb:28:in `tagged'
activesupport (6.0.5) lib/active_support/tagged_logging.rb:80:in `tagged'
railties (6.0.5) lib/rails/rack/logger.rb:26:in `call'
sprockets-rails (3.4.2) lib/sprockets/rails/quiet_assets.rb:13:in `call'
actionpack (6.0.5) lib/action_dispatch/middleware/remote_ip.rb:81:in `call'
actionpack (6.0.5) lib/action_dispatch/middleware/request_id.rb:27:in `call'
rack (2.2.4) lib/rack/method_override.rb:24:in `call'
rack (2.2.4) lib/rack/runtime.rb:22:in `call'
activesupport (6.0.5) lib/active_support/cache/strategy/local_cache_middleware.rb:29:in `call'
actionpack (6.0.5) lib/action_dispatch/middleware/executor.rb:14:in `call'
actionpack (6.0.5) lib/action_dispatch/middleware/static.rb:126:in `call'
rack (2.2.4) lib/rack/sendfile.rb:110:in `call'
actionpack (6.0.5) lib/action_dispatch/middleware/host_authorization.rb:103:in `call'
webpacker (4.3.0) lib/webpacker/dev_server_proxy.rb:23:in `perform_request'
rack-proxy (0.7.2) lib/rack/proxy.rb:67:in `call'
railties (6.0.5) lib/rails/engine.rb:527:in `call'
puma (4.3.12) lib/puma/configuration.rb:228:in `call'
puma (4.3.12) lib/puma/server.rb:727:in `handle_request'
puma (4.3.12) lib/puma/server.rb:476:in `process_client'
puma (4.3.12) lib/puma/server.rb:332:in `block in run'
puma (4.3.12) lib/puma/thread_pool.rb:134:in `block in spawn_thread'
Started GET "/" for ::1 at 2022-07-05 14:25:00 +0300
  
ActionController::RoutingError (uninitialized constant HomeController):
  
actionpack (6.0.5) lib/action_dispatch/http/request.rb:92:in `rescue in controller_class_for'
actionpack (6.0.5) lib/action_dispatch/http/request.rb:88:in `controller_class_for'
actionpack (6.0.5) lib/action_dispatch/http/request.rb:81:in `controller_class'
actionpack (6.0.5) lib/action_dispatch/routing/route_set.rb:44:in `controller'
actionpack (6.0.5) lib/action_dispatch/routing/route_set.rb:31:in `serve'
actionpack (6.0.5) lib/action_dispatch/journey/router.rb:49:in `block in serve'
actionpack (6.0.5) lib/action_dispatch/journey/router.rb:32:in `each'
actionpack (6.0.5) lib/action_dispatch/journey/router.rb:32:in `serve'
actionpack (6.0.5) lib/action_dispatch/routing/route_set.rb:834:in `call'
warden (1.2.9) lib/warden/manager.rb:36:in `block in call'
warden (1.2.9) lib/warden/manager.rb:34:in `catch'
warden (1.2.9) lib/warden/manager.rb:34:in `call'
rack (2.2.4) lib/rack/tempfile_reaper.rb:15:in `call'
rack (2.2.4) lib/rack/etag.rb:27:in `call'
rack (2.2.4) lib/rack/conditional_get.rb:27:in `call'
rack (2.2.4) lib/rack/head.rb:12:in `call'
actionpack (6.0.5) lib/action_dispatch/http/content_security_policy.rb:18:in `call'
rack (2.2.4) lib/rack/session/abstract/id.rb:266:in `context'
rack (2.2.4) lib/rack/session/abstract/id.rb:260:in `call'
actionpack (6.0.5) lib/action_dispatch/middleware/cookies.rb:654:in `call'
activerecord (6.0.5) lib/active_record/migration.rb:567:in `call'
actionpack (6.0.5) lib/action_dispatch/middleware/callbacks.rb:27:in `block in call'
activesupport (6.0.5) lib/active_support/callbacks.rb:101:in `run_callbacks'
actionpack (6.0.5) lib/action_dispatch/middleware/callbacks.rb:26:in `call'
actionpack (6.0.5) lib/action_dispatch/middleware/executor.rb:14:in `call'
actionpack (6.0.5) lib/action_dispatch/middleware/actionable_exceptions.rb:18:in `call'
actionpack (6.0.5) lib/action_dispatch/middleware/debug_exceptions.rb:32:in `call'
web-console (4.2.0) lib/web_console/middleware.rb:132:in `call_app'
web-console (4.2.0) lib/web_console/middleware.rb:28:in `block in call'
web-console (4.2.0) lib/web_console/middleware.rb:17:in `catch'
web-console (4.2.0) lib/web_console/middleware.rb:17:in `call'
actionpack (6.0.5) lib/action_dispatch/middleware/show_exceptions.rb:33:in `call'
railties (6.0.5) lib/rails/rack/logger.rb:37:in `call_app'
railties (6.0.5) lib/rails/rack/logger.rb:26:in `block in call'
activesupport (6.0.5) lib/active_support/tagged_logging.rb:80:in `block in tagged'
activesupport (6.0.5) lib/active_support/tagged_logging.rb:28:in `tagged'
activesupport (6.0.5) lib/active_support/tagged_logging.rb:80:in `tagged'
railties (6.0.5) lib/rails/rack/logger.rb:26:in `call'
sprockets-rails (3.4.2) lib/sprockets/rails/quiet_assets.rb:13:in `call'
actionpack (6.0.5) lib/action_dispatch/middleware/remote_ip.rb:81:in `call'
actionpack (6.0.5) lib/action_dispatch/middleware/request_id.rb:27:in `call'
rack (2.2.4) lib/rack/method_override.rb:24:in `call'
rack (2.2.4) lib/rack/runtime.rb:22:in `call'
activesupport (6.0.5) lib/active_support/cache/strategy/local_cache_middleware.rb:29:in `call'
actionpack (6.0.5) lib/action_dispatch/middleware/executor.rb:14:in `call'
actionpack (6.0.5) lib/action_dispatch/middleware/static.rb:126:in `call'
rack (2.2.4) lib/rack/sendfile.rb:110:in `call'
actionpack (6.0.5) lib/action_dispatch/middleware/host_authorization.rb:103:in `call'
webpacker (4.3.0) lib/webpacker/dev_server_proxy.rb:23:in `perform_request'
rack-proxy (0.7.2) lib/rack/proxy.rb:67:in `call'
railties (6.0.5) lib/rails/engine.rb:527:in `call'
puma (4.3.12) lib/puma/configuration.rb:228:in `call'
puma (4.3.12) lib/puma/server.rb:727:in `handle_request'
puma (4.3.12) lib/puma/server.rb:476:in `process_client'
puma (4.3.12) lib/puma/server.rb:332:in `block in run'
puma (4.3.12) lib/puma/thread_pool.rb:134:in `block in spawn_thread'
Started GET "/" for ::1 at 2022-07-05 14:25:40 +0300
  [1m[35m (0.6ms)[0m  [1m[34mSELECT sqlite_version(*)[0m
  [1m[35m (0.2ms)[0m  [1m[34mSELECT "schema_migrations"."version" FROM "schema_migrations" ORDER BY "schema_migrations"."version" ASC[0m
  
ActionController::RoutingError (uninitialized constant HomeController):
  
actionpack (6.0.5) lib/action_dispatch/http/request.rb:92:in `rescue in controller_class_for'
actionpack (6.0.5) lib/action_dispatch/http/request.rb:88:in `controller_class_for'
actionpack (6.0.5) lib/action_dispatch/http/request.rb:81:in `controller_class'
actionpack (6.0.5) lib/action_dispatch/routing/route_set.rb:44:in `controller'
actionpack (6.0.5) lib/action_dispatch/routing/route_set.rb:31:in `serve'
actionpack (6.0.5) lib/action_dispatch/journey/router.rb:49:in `block in serve'
actionpack (6.0.5) lib/action_dispatch/journey/router.rb:32:in `each'
actionpack (6.0.5) lib/action_dispatch/journey/router.rb:32:in `serve'
actionpack (6.0.5) lib/action_dispatch/routing/route_set.rb:834:in `call'
warden (1.2.9) lib/warden/manager.rb:36:in `block in call'
warden (1.2.9) lib/warden/manager.rb:34:in `catch'
warden (1.2.9) lib/warden/manager.rb:34:in `call'
rack (2.2.4) lib/rack/tempfile_reaper.rb:15:in `call'
rack (2.2.4) lib/rack/etag.rb:27:in `call'
rack (2.2.4) lib/rack/conditional_get.rb:27:in `call'
rack (2.2.4) lib/rack/head.rb:12:in `call'
actionpack (6.0.5) lib/action_dispatch/http/content_security_policy.rb:18:in `call'
rack (2.2.4) lib/rack/session/abstract/id.rb:266:in `context'
rack (2.2.4) lib/rack/session/abstract/id.rb:260:in `call'
actionpack (6.0.5) lib/action_dispatch/middleware/cookies.rb:654:in `call'
activerecord (6.0.5) lib/active_record/migration.rb:567:in `call'
actionpack (6.0.5) lib/action_dispatch/middleware/callbacks.rb:27:in `block in call'
activesupport (6.0.5) lib/active_support/callbacks.rb:101:in `run_callbacks'
actionpack (6.0.5) lib/action_dispatch/middleware/callbacks.rb:26:in `call'
actionpack (6.0.5) lib/action_dispatch/middleware/executor.rb:14:in `call'
actionpack (6.0.5) lib/action_dispatch/middleware/actionable_exceptions.rb:18:in `call'
actionpack (6.0.5) lib/action_dispatch/middleware/debug_exceptions.rb:32:in `call'
web-console (4.2.0) lib/web_console/middleware.rb:132:in `call_app'
web-console (4.2.0) lib/web_console/middleware.rb:28:in `block in call'
web-console (4.2.0) lib/web_console/middleware.rb:17:in `catch'
web-console (4.2.0) lib/web_console/middleware.rb:17:in `call'
actionpack (6.0.5) lib/action_dispatch/middleware/show_exceptions.rb:33:in `call'
railties (6.0.5) lib/rails/rack/logger.rb:37:in `call_app'
railties (6.0.5) lib/rails/rack/logger.rb:26:in `block in call'
activesupport (6.0.5) lib/active_support/tagged_logging.rb:80:in `block in tagged'
activesupport (6.0.5) lib/active_support/tagged_logging.rb:28:in `tagged'
activesupport (6.0.5) lib/active_support/tagged_logging.rb:80:in `tagged'
railties (6.0.5) lib/rails/rack/logger.rb:26:in `call'
sprockets-rails (3.4.2) lib/sprockets/rails/quiet_assets.rb:13:in `call'
actionpack (6.0.5) lib/action_dispatch/middleware/remote_ip.rb:81:in `call'
actionpack (6.0.5) lib/action_dispatch/middleware/request_id.rb:27:in `call'
rack (2.2.4) lib/rack/method_override.rb:24:in `call'
rack (2.2.4) lib/rack/runtime.rb:22:in `call'
activesupport (6.0.5) lib/active_support/cache/strategy/local_cache_middleware.rb:29:in `call'
actionpack (6.0.5) lib/action_dispatch/middleware/executor.rb:14:in `call'
actionpack (6.0.5) lib/action_dispatch/middleware/static.rb:126:in `call'
rack (2.2.4) lib/rack/sendfile.rb:110:in `call'
actionpack (6.0.5) lib/action_dispatch/middleware/host_authorization.rb:103:in `call'
webpacker (4.3.0) lib/webpacker/dev_server_proxy.rb:23:in `perform_request'
rack-proxy (0.7.2) lib/rack/proxy.rb:67:in `call'
railties (6.0.5) lib/rails/engine.rb:527:in `call'
puma (4.3.12) lib/puma/configuration.rb:228:in `call'
puma (4.3.12) lib/puma/server.rb:727:in `handle_request'
puma (4.3.12) lib/puma/server.rb:476:in `process_client'
puma (4.3.12) lib/puma/server.rb:332:in `block in run'
puma (4.3.12) lib/puma/thread_pool.rb:134:in `block in spawn_thread'
  [1m[35m (0.6ms)[0m  [1m[34mSELECT sqlite_version(*)[0m
  [1m[35m (0.2ms)[0m  [1m[34mSELECT "schema_migrations"."version" FROM "schema_migrations" ORDER BY "schema_migrations"."version" ASC[0m
  [1m[36mActiveRecord::InternalMetadata Load (0.2ms)[0m  [1m[34mSELECT "ar_internal_metadata".* FROM "ar_internal_metadata" WHERE "ar_internal_metadata"."key" = ? LIMIT ?[0m  [["key", "environment"], ["LIMIT", 1]]
  [1m[35m (0.1ms)[0m  [1m[34mSELECT sqlite_version(*)[0m
  [1m[35m (0.1ms)[0m  [1m[34mSELECT "schema_migrations"."version" FROM "schema_migrations" ORDER BY "schema_migrations"."version" ASC[0m
Started GET "/" for ::1 at 2022-07-05 14:28:36 +0300
  [1m[35m (0.1ms)[0m  [1m[34mSELECT sqlite_version(*)[0m
Processing by HomeController#index as HTML
  Rendering home/index.html.erb within layouts/application
  Rendered home/index.html.erb within layouts/application (Duration: 0.4ms | Allocations: 76)
Completed 200 OK in 97ms (Views: 87.8ms | ActiveRecord: 0.0ms | Allocations: 19258)


DEPRECATION WARNING: Using `bin/rake routes` is deprecated and will be removed in Rails 6.1. Use `bin/rails routes` instead.
 (called from load at /Users/mac-mini-110/.rbenv/versions/2.7.6/bin/rake:23)
Started GET "/" for ::1 at 2022-07-05 14:30:51 +0300
Processing by HomeController#index as HTML
  Rendering home/index.html.erb within layouts/application
  Rendered home/index.html.erb within layouts/application (Duration: 0.6ms | Allocations: 78)
Completed 200 OK in 22ms (Views: 20.3ms | ActiveRecord: 0.0ms | Allocations: 3272)


Started GET "/users/sign_up" for ::1 at 2022-07-05 14:30:54 +0300
Processing by Devise::RegistrationsController#new as HTML
  Rendering devise/registrations/new.html.erb within layouts/application
  Rendered devise/shared/_error_messages.html.erb (Duration: 0.7ms | Allocations: 195)
  Rendered devise/shared/_links.html.erb (Duration: 2.1ms | Allocations: 513)
  Rendered devise/registrations/new.html.erb within layouts/application (Duration: 43.5ms | Allocations: 7504)
Completed 200 OK in 66ms (Views: 51.7ms | ActiveRecord: 1.3ms | Allocations: 15487)


Started POST "/users" for ::1 at 2022-07-05 14:32:00 +0300
Processing by Devise::RegistrationsController#create as HTML
  Parameters: {"authenticity_token"=>"aGphsfvlls7wo0x4keFZuQBIV/jft+YD9JyYA+YXzB0hO9NMT5zl1yJBLJGbMq8Z0JtUNz0w1FWDXaFeAC9VPg==", "user"=>{"email"=>"Global@mail.ru", "password"=>"[FILTERED]", "password_confirmation"=>"[FILTERED]"}, "commit"=>"Sign up"}
  [1m[35m (0.1ms)[0m  [1m[36mbegin transaction[0m
  [1m[36mUser Exists? (0.4ms)[0m  [1m[34mSELECT 1 AS one FROM "users" WHERE "users"."email" = ? LIMIT ?[0m  [["email", "global@mail.ru"], ["LIMIT", 1]]
  [1m[36mUser Create (0.9ms)[0m  [1m[32mINSERT INTO "users" ("email", "encrypted_password", "created_at", "updated_at") VALUES (?, ?, ?, ?)[0m  [["email", "global@mail.ru"], ["encrypted_password", "$2a$12$t9bdFBuUxzUHamOHvst08eTBkP.Fdin8Nogd8qz.ZO5tdclQX98iy"], ["created_at", "2022-07-05 11:32:00.982624"], ["updated_at", "2022-07-05 11:32:00.982624"]]
  [1m[35m (1.5ms)[0m  [1m[36mcommit transaction[0m
Redirected to http://localhost:3000/persons/profile
Completed 302 Found in 377ms (ActiveRecord: 2.9ms | Allocations: 10447)


Started GET "/persons/profile" for ::1 at 2022-07-05 14:32:01 +0300
Processing by PersonsController#profile as HTML
  Rendering persons/profile.html.erb within layouts/application
  Rendered persons/profile.html.erb within layouts/application (Duration: 0.9ms | Allocations: 79)
  [1m[36mUser Load (0.4ms)[0m  [1m[34mSELECT "users".* FROM "users" WHERE "users"."id" = ? ORDER BY "users"."id" ASC LIMIT ?[0m  [["id", 1], ["LIMIT", 1]]
  ↳ app/views/layouts/application.html.erb:17
Completed 200 OK in 18ms (Views: 15.4ms | ActiveRecord: 0.4ms | Allocations: 3727)


Started GET "/users/sign_out" for ::1 at 2022-07-05 14:32:14 +0300
  
ActionController::RoutingError (No route matches [GET] "/users/sign_out"):
  
actionpack (6.0.5) lib/action_dispatch/middleware/debug_exceptions.rb:36:in `call'
web-console (4.2.0) lib/web_console/middleware.rb:132:in `call_app'
web-console (4.2.0) lib/web_console/middleware.rb:28:in `block in call'
web-console (4.2.0) lib/web_console/middleware.rb:17:in `catch'
web-console (4.2.0) lib/web_console/middleware.rb:17:in `call'
actionpack (6.0.5) lib/action_dispatch/middleware/show_exceptions.rb:33:in `call'
railties (6.0.5) lib/rails/rack/logger.rb:37:in `call_app'
railties (6.0.5) lib/rails/rack/logger.rb:26:in `block in call'
activesupport (6.0.5) lib/active_support/tagged_logging.rb:80:in `block in tagged'
activesupport (6.0.5) lib/active_support/tagged_logging.rb:28:in `tagged'
activesupport (6.0.5) lib/active_support/tagged_logging.rb:80:in `tagged'
railties (6.0.5) lib/rails/rack/logger.rb:26:in `call'
sprockets-rails (3.4.2) lib/sprockets/rails/quiet_assets.rb:13:in `call'
actionpack (6.0.5) lib/action_dispatch/middleware/remote_ip.rb:81:in `call'
actionpack (6.0.5) lib/action_dispatch/middleware/request_id.rb:27:in `call'
rack (2.2.4) lib/rack/method_override.rb:24:in `call'
rack (2.2.4) lib/rack/runtime.rb:22:in `call'
activesupport (6.0.5) lib/active_support/cache/strategy/local_cache_middleware.rb:29:in `call'
actionpack (6.0.5) lib/action_dispatch/middleware/executor.rb:14:in `call'
actionpack (6.0.5) lib/action_dispatch/middleware/static.rb:126:in `call'
rack (2.2.4) lib/rack/sendfile.rb:110:in `call'
actionpack (6.0.5) lib/action_dispatch/middleware/host_authorization.rb:103:in `call'
webpacker (4.3.0) lib/webpacker/dev_server_proxy.rb:23:in `perform_request'
rack-proxy (0.7.2) lib/rack/proxy.rb:67:in `call'
railties (6.0.5) lib/rails/engine.rb:527:in `call'
puma (4.3.12) lib/puma/configuration.rb:228:in `call'
puma (4.3.12) lib/puma/server.rb:727:in `handle_request'
puma (4.3.12) lib/puma/server.rb:476:in `process_client'
puma (4.3.12) lib/puma/server.rb:332:in `block in run'
puma (4.3.12) lib/puma/thread_pool.rb:134:in `block in spawn_thread'
Started GET "/users" for ::1 at 2022-07-05 14:35:48 +0300
  
ActionController::RoutingError (No route matches [GET] "/users"):
  
actionpack (6.0.5) lib/action_dispatch/middleware/debug_exceptions.rb:36:in `call'
web-console (4.2.0) lib/web_console/middleware.rb:132:in `call_app'
web-console (4.2.0) lib/web_console/middleware.rb:28:in `block in call'
web-console (4.2.0) lib/web_console/middleware.rb:17:in `catch'
web-console (4.2.0) lib/web_console/middleware.rb:17:in `call'
actionpack (6.0.5) lib/action_dispatch/middleware/show_exceptions.rb:33:in `call'
railties (6.0.5) lib/rails/rack/logger.rb:37:in `call_app'
railties (6.0.5) lib/rails/rack/logger.rb:26:in `block in call'
activesupport (6.0.5) lib/active_support/tagged_logging.rb:80:in `block in tagged'
activesupport (6.0.5) lib/active_support/tagged_logging.rb:28:in `tagged'
activesupport (6.0.5) lib/active_support/tagged_logging.rb:80:in `tagged'
railties (6.0.5) lib/rails/rack/logger.rb:26:in `call'
sprockets-rails (3.4.2) lib/sprockets/rails/quiet_assets.rb:13:in `call'
actionpack (6.0.5) lib/action_dispatch/middleware/remote_ip.rb:81:in `call'
actionpack (6.0.5) lib/action_dispatch/middleware/request_id.rb:27:in `call'
rack (2.2.4) lib/rack/method_override.rb:24:in `call'
rack (2.2.4) lib/rack/runtime.rb:22:in `call'
activesupport (6.0.5) lib/active_support/cache/strategy/local_cache_middleware.rb:29:in `call'
actionpack (6.0.5) lib/action_dispatch/middleware/executor.rb:14:in `call'
actionpack (6.0.5) lib/action_dispatch/middleware/static.rb:126:in `call'
rack (2.2.4) lib/rack/sendfile.rb:110:in `call'
actionpack (6.0.5) lib/action_dispatch/middleware/host_authorization.rb:103:in `call'
webpacker (4.3.0) lib/webpacker/dev_server_proxy.rb:23:in `perform_request'
rack-proxy (0.7.2) lib/rack/proxy.rb:67:in `call'
railties (6.0.5) lib/rails/engine.rb:527:in `call'
puma (4.3.12) lib/puma/configuration.rb:228:in `call'
puma (4.3.12) lib/puma/server.rb:727:in `handle_request'
puma (4.3.12) lib/puma/server.rb:476:in `process_client'
puma (4.3.12) lib/puma/server.rb:332:in `block in run'
puma (4.3.12) lib/puma/thread_pool.rb:134:in `block in spawn_thread'
Started GET "/" for ::1 at 2022-07-05 14:36:01 +0300
Processing by HomeController#index as HTML
  Rendering home/index.html.erb within layouts/application
  Rendered home/index.html.erb within layouts/application (Duration: 0.1ms | Allocations: 5)
  [1m[36mUser Load (0.3ms)[0m  [1m[34mSELECT "users".* FROM "users" WHERE "users"."id" = ? ORDER BY "users"."id" ASC LIMIT ?[0m  [["id", 1], ["LIMIT", 1]]
  ↳ app/views/layouts/application.html.erb:17
Completed 200 OK in 18ms (Views: 16.0ms | ActiveRecord: 0.3ms | Allocations: 2878)


Started GET "/" for ::1 at 2022-07-05 14:43:51 +0300
  
NoMethodError (undefined method `device_scope' for #<ActionDispatch::Routing::Mapper:0x00007fcbebd82278>
Did you mean?  devise_scope):
  
config/routes.rb:7:in `block in <main>'
config/routes.rb:1:in `<main>'
Started GET "/" for ::1 at 2022-07-05 14:44:44 +0300
  
NoMethodError (undefined method `device_scope' for #<ActionDispatch::Routing::Mapper:0x00007fcbee44b418>
Did you mean?  devise_scope):
  
config/routes.rb:7:in `block in <main>'
config/routes.rb:1:in `<main>'
Started GET "/" for ::1 at 2022-07-05 14:44:46 +0300
  [1m[35m (0.1ms)[0m  [1m[34mSELECT sqlite_version(*)[0m
  [1m[35m (0.2ms)[0m  [1m[34mSELECT "schema_migrations"."version" FROM "schema_migrations" ORDER BY "schema_migrations"."version" ASC[0m
Processing by HomeController#index as HTML
  Rendering home/index.html.erb within layouts/application
  Rendered home/index.html.erb within layouts/application (Duration: 0.1ms | Allocations: 4)
  [1m[36mUser Load (0.3ms)[0m  [1m[34mSELECT "users".* FROM "users" WHERE "users"."id" = ? ORDER BY "users"."id" ASC LIMIT ?[0m  [["id", 1], ["LIMIT", 1]]
  ↳ app/views/layouts/application.html.erb:17
Completed 200 OK in 20ms (Views: 19.1ms | ActiveRecord: 0.3ms | Allocations: 7089)


Started GET "/" for ::1 at 2022-07-05 14:44:47 +0300
Processing by HomeController#index as HTML
  Rendering home/index.html.erb within layouts/application
  Rendered home/index.html.erb within layouts/application (Duration: 0.0ms | Allocations: 4)
  [1m[36mUser Load (0.2ms)[0m  [1m[34mSELECT "users".* FROM "users" WHERE "users"."id" = ? ORDER BY "users"."id" ASC LIMIT ?[0m  [["id", 1], ["LIMIT", 1]]
  ↳ app/views/layouts/application.html.erb:17
Completed 200 OK in 12ms (Views: 11.0ms | ActiveRecord: 0.2ms | Allocations: 2819)


Started GET "/users/sign_out" for ::1 at 2022-07-05 14:44:49 +0300
  
ActionController::RoutingError (No route matches [GET] "/users/sign_out"):
  
actionpack (6.0.5) lib/action_dispatch/middleware/debug_exceptions.rb:36:in `call'
web-console (4.2.0) lib/web_console/middleware.rb:132:in `call_app'
web-console (4.2.0) lib/web_console/middleware.rb:28:in `block in call'
web-console (4.2.0) lib/web_console/middleware.rb:17:in `catch'
web-console (4.2.0) lib/web_console/middleware.rb:17:in `call'
actionpack (6.0.5) lib/action_dispatch/middleware/show_exceptions.rb:33:in `call'
railties (6.0.5) lib/rails/rack/logger.rb:37:in `call_app'
railties (6.0.5) lib/rails/rack/logger.rb:26:in `block in call'
activesupport (6.0.5) lib/active_support/tagged_logging.rb:80:in `block in tagged'
activesupport (6.0.5) lib/active_support/tagged_logging.rb:28:in `tagged'
activesupport (6.0.5) lib/active_support/tagged_logging.rb:80:in `tagged'
railties (6.0.5) lib/rails/rack/logger.rb:26:in `call'
sprockets-rails (3.4.2) lib/sprockets/rails/quiet_assets.rb:13:in `call'
actionpack (6.0.5) lib/action_dispatch/middleware/remote_ip.rb:81:in `call'
actionpack (6.0.5) lib/action_dispatch/middleware/request_id.rb:27:in `call'
rack (2.2.4) lib/rack/method_override.rb:24:in `call'
rack (2.2.4) lib/rack/runtime.rb:22:in `call'
activesupport (6.0.5) lib/active_support/cache/strategy/local_cache_middleware.rb:29:in `call'
actionpack (6.0.5) lib/action_dispatch/middleware/executor.rb:14:in `call'
actionpack (6.0.5) lib/action_dispatch/middleware/static.rb:126:in `call'
rack (2.2.4) lib/rack/sendfile.rb:110:in `call'
actionpack (6.0.5) lib/action_dispatch/middleware/host_authorization.rb:103:in `call'
webpacker (4.3.0) lib/webpacker/dev_server_proxy.rb:23:in `perform_request'
rack-proxy (0.7.2) lib/rack/proxy.rb:67:in `call'
railties (6.0.5) lib/rails/engine.rb:527:in `call'
puma (4.3.12) lib/puma/configuration.rb:228:in `call'
puma (4.3.12) lib/puma/server.rb:727:in `handle_request'
puma (4.3.12) lib/puma/server.rb:476:in `process_client'
puma (4.3.12) lib/puma/server.rb:332:in `block in run'
puma (4.3.12) lib/puma/thread_pool.rb:134:in `block in spawn_thread'
Started GET "/users/sign_out" for ::1 at 2022-07-05 14:47:46 +0300
  
ActionController::RoutingError (No route matches [GET] "/users/sign_out"):
  
actionpack (6.0.5) lib/action_dispatch/middleware/debug_exceptions.rb:36:in `call'
web-console (4.2.0) lib/web_console/middleware.rb:132:in `call_app'
web-console (4.2.0) lib/web_console/middleware.rb:28:in `block in call'
web-console (4.2.0) lib/web_console/middleware.rb:17:in `catch'
web-console (4.2.0) lib/web_console/middleware.rb:17:in `call'
actionpack (6.0.5) lib/action_dispatch/middleware/show_exceptions.rb:33:in `call'
railties (6.0.5) lib/rails/rack/logger.rb:37:in `call_app'
railties (6.0.5) lib/rails/rack/logger.rb:26:in `block in call'
activesupport (6.0.5) lib/active_support/tagged_logging.rb:80:in `block in tagged'
activesupport (6.0.5) lib/active_support/tagged_logging.rb:28:in `tagged'
activesupport (6.0.5) lib/active_support/tagged_logging.rb:80:in `tagged'
railties (6.0.5) lib/rails/rack/logger.rb:26:in `call'
sprockets-rails (3.4.2) lib/sprockets/rails/quiet_assets.rb:13:in `call'
actionpack (6.0.5) lib/action_dispatch/middleware/remote_ip.rb:81:in `call'
actionpack (6.0.5) lib/action_dispatch/middleware/request_id.rb:27:in `call'
rack (2.2.4) lib/rack/method_override.rb:24:in `call'
rack (2.2.4) lib/rack/runtime.rb:22:in `call'
activesupport (6.0.5) lib/active_support/cache/strategy/local_cache_middleware.rb:29:in `call'
actionpack (6.0.5) lib/action_dispatch/middleware/executor.rb:14:in `call'
actionpack (6.0.5) lib/action_dispatch/middleware/static.rb:126:in `call'
rack (2.2.4) lib/rack/sendfile.rb:110:in `call'
actionpack (6.0.5) lib/action_dispatch/middleware/host_authorization.rb:103:in `call'
webpacker (4.3.0) lib/webpacker/dev_server_proxy.rb:23:in `perform_request'
rack-proxy (0.7.2) lib/rack/proxy.rb:67:in `call'
railties (6.0.5) lib/rails/engine.rb:527:in `call'
puma (4.3.12) lib/puma/configuration.rb:228:in `call'
puma (4.3.12) lib/puma/server.rb:727:in `handle_request'
puma (4.3.12) lib/puma/server.rb:476:in `process_client'
puma (4.3.12) lib/puma/server.rb:332:in `block in run'
puma (4.3.12) lib/puma/thread_pool.rb:134:in `block in spawn_thread'
Started GET "/users/sign_out" for ::1 at 2022-07-05 14:47:47 +0300
  
ActionController::RoutingError (No route matches [GET] "/users/sign_out"):
  
actionpack (6.0.5) lib/action_dispatch/middleware/debug_exceptions.rb:36:in `call'
web-console (4.2.0) lib/web_console/middleware.rb:132:in `call_app'
web-console (4.2.0) lib/web_console/middleware.rb:28:in `block in call'
web-console (4.2.0) lib/web_console/middleware.rb:17:in `catch'
web-console (4.2.0) lib/web_console/middleware.rb:17:in `call'
actionpack (6.0.5) lib/action_dispatch/middleware/show_exceptions.rb:33:in `call'
railties (6.0.5) lib/rails/rack/logger.rb:37:in `call_app'
railties (6.0.5) lib/rails/rack/logger.rb:26:in `block in call'
activesupport (6.0.5) lib/active_support/tagged_logging.rb:80:in `block in tagged'
activesupport (6.0.5) lib/active_support/tagged_logging.rb:28:in `tagged'
activesupport (6.0.5) lib/active_support/tagged_logging.rb:80:in `tagged'
railties (6.0.5) lib/rails/rack/logger.rb:26:in `call'
sprockets-rails (3.4.2) lib/sprockets/rails/quiet_assets.rb:13:in `call'
actionpack (6.0.5) lib/action_dispatch/middleware/remote_ip.rb:81:in `call'
actionpack (6.0.5) lib/action_dispatch/middleware/request_id.rb:27:in `call'
rack (2.2.4) lib/rack/method_override.rb:24:in `call'
rack (2.2.4) lib/rack/runtime.rb:22:in `call'
activesupport (6.0.5) lib/active_support/cache/strategy/local_cache_middleware.rb:29:in `call'
actionpack (6.0.5) lib/action_dispatch/middleware/executor.rb:14:in `call'
actionpack (6.0.5) lib/action_dispatch/middleware/static.rb:126:in `call'
rack (2.2.4) lib/rack/sendfile.rb:110:in `call'
actionpack (6.0.5) lib/action_dispatch/middleware/host_authorization.rb:103:in `call'
webpacker (4.3.0) lib/webpacker/dev_server_proxy.rb:23:in `perform_request'
rack-proxy (0.7.2) lib/rack/proxy.rb:67:in `call'
railties (6.0.5) lib/rails/engine.rb:527:in `call'
puma (4.3.12) lib/puma/configuration.rb:228:in `call'
puma (4.3.12) lib/puma/server.rb:727:in `handle_request'
puma (4.3.12) lib/puma/server.rb:476:in `process_client'
puma (4.3.12) lib/puma/server.rb:332:in `block in run'
puma (4.3.12) lib/puma/thread_pool.rb:134:in `block in spawn_thread'
Started GET "/users/sign_out" for ::1 at 2022-07-05 14:47:48 +0300
  
ActionController::RoutingError (No route matches [GET] "/users/sign_out"):
  
actionpack (6.0.5) lib/action_dispatch/middleware/debug_exceptions.rb:36:in `call'
web-console (4.2.0) lib/web_console/middleware.rb:132:in `call_app'
web-console (4.2.0) lib/web_console/middleware.rb:28:in `block in call'
web-console (4.2.0) lib/web_console/middleware.rb:17:in `catch'
web-console (4.2.0) lib/web_console/middleware.rb:17:in `call'
actionpack (6.0.5) lib/action_dispatch/middleware/show_exceptions.rb:33:in `call'
railties (6.0.5) lib/rails/rack/logger.rb:37:in `call_app'
railties (6.0.5) lib/rails/rack/logger.rb:26:in `block in call'
activesupport (6.0.5) lib/active_support/tagged_logging.rb:80:in `block in tagged'
activesupport (6.0.5) lib/active_support/tagged_logging.rb:28:in `tagged'
activesupport (6.0.5) lib/active_support/tagged_logging.rb:80:in `tagged'
railties (6.0.5) lib/rails/rack/logger.rb:26:in `call'
sprockets-rails (3.4.2) lib/sprockets/rails/quiet_assets.rb:13:in `call'
actionpack (6.0.5) lib/action_dispatch/middleware/remote_ip.rb:81:in `call'
actionpack (6.0.5) lib/action_dispatch/middleware/request_id.rb:27:in `call'
rack (2.2.4) lib/rack/method_override.rb:24:in `call'
rack (2.2.4) lib/rack/runtime.rb:22:in `call'
activesupport (6.0.5) lib/active_support/cache/strategy/local_cache_middleware.rb:29:in `call'
actionpack (6.0.5) lib/action_dispatch/middleware/executor.rb:14:in `call'
actionpack (6.0.5) lib/action_dispatch/middleware/static.rb:126:in `call'
rack (2.2.4) lib/rack/sendfile.rb:110:in `call'
actionpack (6.0.5) lib/action_dispatch/middleware/host_authorization.rb:103:in `call'
webpacker (4.3.0) lib/webpacker/dev_server_proxy.rb:23:in `perform_request'
rack-proxy (0.7.2) lib/rack/proxy.rb:67:in `call'
railties (6.0.5) lib/rails/engine.rb:527:in `call'
puma (4.3.12) lib/puma/configuration.rb:228:in `call'
puma (4.3.12) lib/puma/server.rb:727:in `handle_request'
puma (4.3.12) lib/puma/server.rb:476:in `process_client'
puma (4.3.12) lib/puma/server.rb:332:in `block in run'
puma (4.3.12) lib/puma/thread_pool.rb:134:in `block in spawn_thread'
Started GET "/users/sign_out" for ::1 at 2022-07-05 14:47:58 +0300
  
ActionController::RoutingError (No route matches [GET] "/users/sign_out"):
  
actionpack (6.0.5) lib/action_dispatch/middleware/debug_exceptions.rb:36:in `call'
web-console (4.2.0) lib/web_console/middleware.rb:132:in `call_app'
web-console (4.2.0) lib/web_console/middleware.rb:28:in `block in call'
web-console (4.2.0) lib/web_console/middleware.rb:17:in `catch'
web-console (4.2.0) lib/web_console/middleware.rb:17:in `call'
actionpack (6.0.5) lib/action_dispatch/middleware/show_exceptions.rb:33:in `call'
railties (6.0.5) lib/rails/rack/logger.rb:37:in `call_app'
railties (6.0.5) lib/rails/rack/logger.rb:26:in `block in call'
activesupport (6.0.5) lib/active_support/tagged_logging.rb:80:in `block in tagged'
activesupport (6.0.5) lib/active_support/tagged_logging.rb:28:in `tagged'
activesupport (6.0.5) lib/active_support/tagged_logging.rb:80:in `tagged'
railties (6.0.5) lib/rails/rack/logger.rb:26:in `call'
sprockets-rails (3.4.2) lib/sprockets/rails/quiet_assets.rb:13:in `call'
actionpack (6.0.5) lib/action_dispatch/middleware/remote_ip.rb:81:in `call'
actionpack (6.0.5) lib/action_dispatch/middleware/request_id.rb:27:in `call'
rack (2.2.4) lib/rack/method_override.rb:24:in `call'
rack (2.2.4) lib/rack/runtime.rb:22:in `call'
activesupport (6.0.5) lib/active_support/cache/strategy/local_cache_middleware.rb:29:in `call'
actionpack (6.0.5) lib/action_dispatch/middleware/executor.rb:14:in `call'
actionpack (6.0.5) lib/action_dispatch/middleware/static.rb:126:in `call'
rack (2.2.4) lib/rack/sendfile.rb:110:in `call'
actionpack (6.0.5) lib/action_dispatch/middleware/host_authorization.rb:103:in `call'
webpacker (4.3.0) lib/webpacker/dev_server_proxy.rb:23:in `perform_request'
rack-proxy (0.7.2) lib/rack/proxy.rb:67:in `call'
railties (6.0.5) lib/rails/engine.rb:527:in `call'
puma (4.3.12) lib/puma/configuration.rb:228:in `call'
puma (4.3.12) lib/puma/server.rb:727:in `handle_request'
puma (4.3.12) lib/puma/server.rb:476:in `process_client'
puma (4.3.12) lib/puma/server.rb:332:in `block in run'
puma (4.3.12) lib/puma/thread_pool.rb:134:in `block in spawn_thread'
Started GET "/users/sign_out" for ::1 at 2022-07-05 14:49:44 +0300
  [1m[35m (0.7ms)[0m  [1m[34mSELECT sqlite_version(*)[0m
  [1m[35m (0.2ms)[0m  [1m[34mSELECT "schema_migrations"."version" FROM "schema_migrations" ORDER BY "schema_migrations"."version" ASC[0m
Processing by Devise::SessionsController#destroy as HTML
  [1m[36mUser Load (0.3ms)[0m  [1m[34mSELECT "users".* FROM "users" WHERE "users"."id" = ? ORDER BY "users"."id" ASC LIMIT ?[0m  [["id", 1], ["LIMIT", 1]]
Redirected to http://localhost:3000/
Completed 302 Found in 65ms (ActiveRecord: 1.9ms | Allocations: 10929)


Started GET "/" for ::1 at 2022-07-05 14:49:44 +0300
Processing by HomeController#index as HTML
  Rendering home/index.html.erb within layouts/application
  Rendered home/index.html.erb within layouts/application (Duration: 1.0ms | Allocations: 188)
Completed 200 OK in 23ms (Views: 19.6ms | ActiveRecord: 0.0ms | Allocations: 6275)


Started GET "/users/sign_in" for ::1 at 2022-07-05 14:49:48 +0300
Processing by Devise::SessionsController#new as HTML
  Rendering devise/sessions/new.html.erb within layouts/application
  Rendered devise/shared/_links.html.erb (Duration: 1.6ms | Allocations: 604)
  Rendered devise/sessions/new.html.erb within layouts/application (Duration: 17.9ms | Allocations: 3482)
Completed 200 OK in 27ms (Views: 24.7ms | ActiveRecord: 0.0ms | Allocations: 6891)


Started POST "/users/sign_in" for ::1 at 2022-07-05 14:50:13 +0300
Processing by Devise::SessionsController#create as HTML
  Parameters: {"authenticity_token"=>"0MrdNEaYgXvdlyFVAuAbi0IFsJeMycp2yL0AS56itaxv2/OroraOGfzsORRj1L+1MABZw3sDEpNhMi3Cs8BB+A==", "user"=>{"email"=>"Global@mail.ru", "password"=>"[FILTERED]", "remember_me"=>"0"}, "commit"=>"Log in"}
  [1m[36mUser Load (0.5ms)[0m  [1m[34mSELECT "users".* FROM "users" WHERE "users"."email" = ? ORDER BY "users"."id" ASC LIMIT ?[0m  [["email", "global@mail.ru"], ["LIMIT", 1]]
Redirected to http://localhost:3000/
Completed 302 Found in 390ms (ActiveRecord: 0.5ms | Allocations: 4879)


Started GET "/" for ::1 at 2022-07-05 14:50:13 +0300
Processing by HomeController#index as HTML
  Rendering home/index.html.erb within layouts/application
  Rendered home/index.html.erb within layouts/application (Duration: 0.0ms | Allocations: 5)
  [1m[36mUser Load (0.2ms)[0m  [1m[34mSELECT "users".* FROM "users" WHERE "users"."id" = ? ORDER BY "users"."id" ASC LIMIT ?[0m  [["id", 1], ["LIMIT", 1]]
  ↳ app/views/layouts/application.html.erb:17
Completed 200 OK in 7ms (Views: 5.8ms | ActiveRecord: 0.2ms | Allocations: 2859)


Started GET "/users/sign_out" for ::1 at 2022-07-05 14:50:17 +0300
Processing by Devise::SessionsController#destroy as HTML
  [1m[36mUser Load (0.2ms)[0m  [1m[34mSELECT "users".* FROM "users" WHERE "users"."id" = ? ORDER BY "users"."id" ASC LIMIT ?[0m  [["id", 1], ["LIMIT", 1]]
Redirected to http://localhost:3000/
Completed 302 Found in 5ms (ActiveRecord: 0.2ms | Allocations: 2114)


Started GET "/" for ::1 at 2022-07-05 14:50:17 +0300
Processing by HomeController#index as HTML
  Rendering home/index.html.erb within layouts/application
  Rendered home/index.html.erb within layouts/application (Duration: 0.0ms | Allocations: 5)
Completed 200 OK in 5ms (Views: 4.2ms | ActiveRecord: 0.0ms | Allocations: 2041)


Started GET "/users/sign_in" for ::1 at 2022-07-05 14:50:37 +0300
Processing by Devise::SessionsController#new as HTML
  Rendering devise/sessions/new.html.erb within layouts/application
  Rendered devise/shared/_links.html.erb (Duration: 0.3ms | Allocations: 149)
  Rendered devise/sessions/new.html.erb within layouts/application (Duration: 3.5ms | Allocations: 1327)
Completed 200 OK in 9ms (Views: 7.2ms | ActiveRecord: 0.0ms | Allocations: 3507)


Started POST "/users/sign_in" for ::1 at 2022-07-05 14:50:57 +0300
Processing by Devise::SessionsController#create as HTML
  Parameters: {"authenticity_token"=>"641TZ7q/MCN1TEU00UpACwMj6dbt06Clnm7pcpkpvHJjTsUM/em3/2gue/yNsfP3BCkZlhMMy8FNzFzZ7cAW8w==", "user"=>{"email"=>"Global@mail.ru", "password"=>"[FILTERED]", "remember_me"=>"0"}, "commit"=>"Log in"}
  [1m[36mUser Load (0.3ms)[0m  [1m[34mSELECT "users".* FROM "users" WHERE "users"."email" = ? ORDER BY "users"."id" ASC LIMIT ?[0m  [["email", "global@mail.ru"], ["LIMIT", 1]]
Redirected to http://localhost:3000/
Completed 302 Found in 363ms (ActiveRecord: 0.3ms | Allocations: 2734)


Started GET "/" for ::1 at 2022-07-05 14:50:58 +0300
Processing by HomeController#index as HTML
  Rendering home/index.html.erb within layouts/application
  Rendered home/index.html.erb within layouts/application (Duration: 0.1ms | Allocations: 5)
  [1m[36mUser Load (0.2ms)[0m  [1m[34mSELECT "users".* FROM "users" WHERE "users"."id" = ? ORDER BY "users"."id" ASC LIMIT ?[0m  [["id", 1], ["LIMIT", 1]]
  ↳ app/views/layouts/application.html.erb:17
Completed 200 OK in 9ms (Views: 7.7ms | ActiveRecord: 0.2ms | Allocations: 2821)


Started GET "/users/sign_out" for ::1 at 2022-07-05 14:51:01 +0300
Processing by Devise::SessionsController#destroy as HTML
  [1m[36mUser Load (0.2ms)[0m  [1m[34mSELECT "users".* FROM "users" WHERE "users"."id" = ? ORDER BY "users"."id" ASC LIMIT ?[0m  [["id", 1], ["LIMIT", 1]]
Redirected to http://localhost:3000/
Completed 302 Found in 5ms (ActiveRecord: 0.2ms | Allocations: 2092)


Started GET "/" for ::1 at 2022-07-05 14:51:01 +0300
Processing by HomeController#index as HTML
  Rendering home/index.html.erb within layouts/application
  Rendered home/index.html.erb within layouts/application (Duration: 0.0ms | Allocations: 4)
Completed 200 OK in 4ms (Views: 3.1ms | ActiveRecord: 0.0ms | Allocations: 2054)


Started GET "/users/sign_up" for ::1 at 2022-07-05 14:51:03 +0300
Processing by Devise::RegistrationsController#new as HTML
  Rendering devise/registrations/new.html.erb within layouts/application
  Rendered devise/shared/_error_messages.html.erb (Duration: 1.1ms | Allocations: 195)
  Rendered devise/shared/_links.html.erb (Duration: 0.4ms | Allocations: 127)
  Rendered devise/registrations/new.html.erb within layouts/application (Duration: 6.4ms | Allocations: 2044)
Completed 200 OK in 12ms (Views: 11.5ms | ActiveRecord: 0.0ms | Allocations: 4931)


Started POST "/users" for ::1 at 2022-07-05 14:51:31 +0300
Processing by Devise::RegistrationsController#create as HTML
  Parameters: {"authenticity_token"=>"dw/v2jvwHluaWBUaUKP2/CqLUIKbh04QHl6xuO7d9DW6eYMjooaJp4MEBMl6RLnhR6IVu1QY/v/HEXno5SUXOQ==", "user"=>{"email"=>"Lena@mail.ru", "password"=>"[FILTERED]", "password_confirmation"=>"[FILTERED]"}, "commit"=>"Sign up"}
  [1m[35m (0.1ms)[0m  [1m[36mbegin transaction[0m
  [1m[36mUser Exists? (0.2ms)[0m  [1m[34mSELECT 1 AS one FROM "users" WHERE "users"."email" = ? LIMIT ?[0m  [["email", "lena@mail.ru"], ["LIMIT", 1]]
  [1m[36mUser Create (0.8ms)[0m  [1m[32mINSERT INTO "users" ("email", "encrypted_password", "created_at", "updated_at") VALUES (?, ?, ?, ?)[0m  [["email", "lena@mail.ru"], ["encrypted_password", "$2a$12$xVDfO4IvVH8ctMxyQtIgBOkV0V3ZfiF73sHhHeTFYeEcKzI4tMD/m"], ["created_at", "2022-07-05 11:51:31.993704"], ["updated_at", "2022-07-05 11:51:31.993704"]]
  [1m[35m (3.3ms)[0m  [1m[36mcommit transaction[0m
Redirected to http://localhost:3000/
Completed 302 Found in 369ms (ActiveRecord: 4.4ms | Allocations: 7811)


Started GET "/" for ::1 at 2022-07-05 14:51:32 +0300
Processing by HomeController#index as HTML
  Rendering home/index.html.erb within layouts/application
  Rendered home/index.html.erb within layouts/application (Duration: 0.1ms | Allocations: 4)
  [1m[36mUser Load (0.4ms)[0m  [1m[34mSELECT "users".* FROM "users" WHERE "users"."id" = ? ORDER BY "users"."id" ASC LIMIT ?[0m  [["id", 2], ["LIMIT", 1]]
  ↳ app/views/layouts/application.html.erb:17
Completed 200 OK in 7ms (Views: 6.2ms | ActiveRecord: 0.4ms | Allocations: 2857)


Started GET "/users/sign_out" for ::1 at 2022-07-05 14:51:43 +0300
Processing by Devise::SessionsController#destroy as HTML
  [1m[36mUser Load (0.4ms)[0m  [1m[34mSELECT "users".* FROM "users" WHERE "users"."id" = ? ORDER BY "users"."id" ASC LIMIT ?[0m  [["id", 2], ["LIMIT", 1]]
Redirected to http://localhost:3000/
Completed 302 Found in 5ms (ActiveRecord: 0.4ms | Allocations: 2071)


Started GET "/" for ::1 at 2022-07-05 14:51:43 +0300
Processing by HomeController#index as HTML
  Rendering home/index.html.erb within layouts/application
  Rendered home/index.html.erb within layouts/application (Duration: 0.1ms | Allocations: 4)
Completed 200 OK in 4ms (Views: 3.4ms | ActiveRecord: 0.0ms | Allocations: 2028)


Started GET "/users/sign_in" for ::1 at 2022-07-05 14:51:44 +0300
Processing by Devise::SessionsController#new as HTML
  Rendering devise/sessions/new.html.erb within layouts/application
  Rendered devise/shared/_links.html.erb (Duration: 0.3ms | Allocations: 149)
  Rendered devise/sessions/new.html.erb within layouts/application (Duration: 3.5ms | Allocations: 1332)
Completed 200 OK in 9ms (Views: 8.3ms | ActiveRecord: 0.0ms | Allocations: 3518)


Started POST "/users/sign_in" for ::1 at 2022-07-05 14:52:00 +0300
Processing by Devise::SessionsController#create as HTML
  Parameters: {"authenticity_token"=>"EjD3ODJJjxFXCBGZnley23weua1zf7EPmHSXCbrAlEnYNLays0khUsfT1naYz6GpEdjVJyF9mlkKkXWtzSGVYw==", "user"=>{"email"=>"Lena@mail.ru", "password"=>"[FILTERED]", "remember_me"=>"0"}, "commit"=>"Log in"}
  [1m[36mUser Load (0.2ms)[0m  [1m[34mSELECT "users".* FROM "users" WHERE "users"."email" = ? ORDER BY "users"."id" ASC LIMIT ?[0m  [["email", "lena@mail.ru"], ["LIMIT", 1]]
Redirected to http://localhost:3000/
Completed 302 Found in 358ms (ActiveRecord: 0.2ms | Allocations: 2721)


Started GET "/" for ::1 at 2022-07-05 14:52:01 +0300
Processing by HomeController#index as HTML
  Rendering home/index.html.erb within layouts/application
  Rendered home/index.html.erb within layouts/application (Duration: 0.0ms | Allocations: 4)
  [1m[36mUser Load (0.2ms)[0m  [1m[34mSELECT "users".* FROM "users" WHERE "users"."id" = ? ORDER BY "users"."id" ASC LIMIT ?[0m  [["id", 2], ["LIMIT", 1]]
  ↳ app/views/layouts/application.html.erb:17
Completed 200 OK in 6ms (Views: 4.8ms | ActiveRecord: 0.2ms | Allocations: 2831)


Started GET "/" for ::1 at 2022-07-05 15:20:17 +0300
  [1m[35m (0.1ms)[0m  [1m[34mSELECT sqlite_version(*)[0m
Processing by HomeController#index as HTML
  Rendering home/index.html.erb within layouts/application
  Rendered home/index.html.erb within layouts/application (Duration: 0.4ms | Allocations: 77)
  [1m[36mUser Load (0.3ms)[0m  [1m[34mSELECT "users".* FROM "users" WHERE "users"."id" = ? ORDER BY "users"."id" ASC LIMIT ?[0m  [["id", 2], ["LIMIT", 1]]
  ↳ app/views/layouts/application.html.erb:17
Completed 200 OK in 13ms (Views: 10.7ms | ActiveRecord: 0.3ms | Allocations: 4149)


Started GET "/users/edit" for ::1 at 2022-07-05 15:20:21 +0300
Processing by Devise::RegistrationsController#edit as HTML
  [1m[36mUser Load (0.2ms)[0m  [1m[34mSELECT "users".* FROM "users" WHERE "users"."id" = ? ORDER BY "users"."id" ASC LIMIT ?[0m  [["id", 2], ["LIMIT", 1]]
  Rendering devise/registrations/edit.html.erb within layouts/application
  Rendered devise/shared/_error_messages.html.erb (Duration: 0.9ms | Allocations: 187)
  Rendered devise/registrations/edit.html.erb within layouts/application (Duration: 6.8ms | Allocations: 2577)
Completed 200 OK in 18ms (Views: 14.4ms | ActiveRecord: 0.2ms | Allocations: 7092)


Started PUT "/users" for ::1 at 2022-07-05 15:20:36 +0300
Processing by Devise::RegistrationsController#update as HTML
  Parameters: {"authenticity_token"=>"+E6Xr5/Vv950t5NeCTAbhvv/iWUegtvqUr6n++FRNtx3hFRXWF1qQARR+b+vXkZaFMKD907kEcvAZTzL77QkGw==", "user"=>{"email"=>"lena@mail.ru", "password"=>"[FILTERED]", "password_confirmation"=>"[FILTERED]", "current_password"=>"[FILTERED]"}, "commit"=>"Update"}
  [1m[36mUser Load (0.3ms)[0m  [1m[34mSELECT "users".* FROM "users" WHERE "users"."id" = ? ORDER BY "users"."id" ASC LIMIT ?[0m  [["id", 2], ["LIMIT", 1]]
  [1m[36mUser Load (0.3ms)[0m  [1m[34mSELECT "users".* FROM "users" WHERE "users"."id" = ? LIMIT ?[0m  [["id", 2], ["LIMIT", 1]]
  Rendering devise/registrations/edit.html.erb within layouts/application
  Rendered devise/shared/_error_messages.html.erb (Duration: 0.8ms | Allocations: 413)
  Rendered devise/registrations/edit.html.erb within layouts/application (Duration: 3.8ms | Allocations: 2183)
Completed 200 OK in 734ms (Views: 7.1ms | ActiveRecord: 0.6ms | Allocations: 9880)


Started PUT "/users" for ::1 at 2022-07-05 15:21:45 +0300
Processing by Devise::RegistrationsController#update as HTML
  Parameters: {"authenticity_token"=>"f3F0Z1J38nmT0WVRlsfH5/ALySVkf92Ry9xEJy1uQyjwu7eflf8n5+M3D7AwqZo7HzbDtzQZF7BZB98XI4tR7w==", "user"=>{"email"=>"lena@mail.ru", "password"=>"[FILTERED]", "password_confirmation"=>"[FILTERED]", "current_password"=>"[FILTERED]"}, "commit"=>"Update"}
  [1m[36mUser Load (0.2ms)[0m  [1m[34mSELECT "users".* FROM "users" WHERE "users"."id" = ? ORDER BY "users"."id" ASC LIMIT ?[0m  [["id", 2], ["LIMIT", 1]]
  [1m[36mUser Load (0.2ms)[0m  [1m[34mSELECT "users".* FROM "users" WHERE "users"."id" = ? LIMIT ?[0m  [["id", 2], ["LIMIT", 1]]
  [1m[35m (0.1ms)[0m  [1m[36mbegin transaction[0m
  [1m[36mUser Update (0.5ms)[0m  [1m[33mUPDATE "users" SET "encrypted_password" = ?, "updated_at" = ? WHERE "users"."id" = ?[0m  [["encrypted_password", "$2a$12$UlbzDe5GSx6BBPLQo93o/.w71AytHHgXb7UkPsbK8VMhlYSEKMi8e"], ["updated_at", "2022-07-05 12:21:46.142938"], ["id", 2]]
  [1m[35m (2.9ms)[0m  [1m[36mcommit transaction[0m
Redirected to http://localhost:3000/
Completed 302 Found in 727ms (ActiveRecord: 3.9ms | Allocations: 8626)


Started GET "/" for ::1 at 2022-07-05 15:21:46 +0300
Processing by HomeController#index as HTML
  Rendering home/index.html.erb within layouts/application
  Rendered home/index.html.erb within layouts/application (Duration: 0.0ms | Allocations: 4)
  [1m[36mUser Load (0.2ms)[0m  [1m[34mSELECT "users".* FROM "users" WHERE "users"."id" = ? ORDER BY "users"."id" ASC LIMIT ?[0m  [["id", 2], ["LIMIT", 1]]
  ↳ app/views/layouts/application.html.erb:17
Completed 200 OK in 6ms (Views: 5.6ms | ActiveRecord: 0.2ms | Allocations: 2899)


Started GET "/users/sign_out" for ::1 at 2022-07-05 15:21:49 +0300
Processing by Devise::SessionsController#destroy as HTML
  [1m[36mUser Load (0.2ms)[0m  [1m[34mSELECT "users".* FROM "users" WHERE "users"."id" = ? ORDER BY "users"."id" ASC LIMIT ?[0m  [["id", 2], ["LIMIT", 1]]
Redirected to http://localhost:3000/
Completed 302 Found in 6ms (ActiveRecord: 0.2ms | Allocations: 2081)


Started GET "/" for ::1 at 2022-07-05 15:21:49 +0300
Processing by HomeController#index as HTML
  Rendering home/index.html.erb within layouts/application
  Rendered home/index.html.erb within layouts/application (Duration: 0.1ms | Allocations: 4)
Completed 200 OK in 4ms (Views: 3.7ms | ActiveRecord: 0.0ms | Allocations: 2043)


Started GET "/users/sign_in" for ::1 at 2022-07-05 15:21:50 +0300
Processing by Devise::SessionsController#new as HTML
  Rendering devise/sessions/new.html.erb within layouts/application
  Rendered devise/shared/_links.html.erb (Duration: 1.4ms | Allocations: 528)
  Rendered devise/sessions/new.html.erb within layouts/application (Duration: 6.2ms | Allocations: 2130)
Completed 200 OK in 15ms (Views: 13.0ms | ActiveRecord: 0.0ms | Allocations: 4985)


Started POST "/users/sign_in" for ::1 at 2022-07-05 15:22:09 +0300
Processing by Devise::SessionsController#create as HTML
  Parameters: {"authenticity_token"=>"R6E1JRq34f29sLDc5kUg+sGdf0I6ZZO/t2GfG4bemUu2Se26fYRjhXxCPe/Lli4zrzGmiHxB4xTYK/uy6gH+6Q==", "user"=>{"email"=>"Lena@mail.ru", "password"=>"[FILTERED]", "remember_me"=>"0"}, "commit"=>"Log in"}
  [1m[36mUser Load (0.3ms)[0m  [1m[34mSELECT "users".* FROM "users" WHERE "users"."email" = ? ORDER BY "users"."id" ASC LIMIT ?[0m  [["email", "lena@mail.ru"], ["LIMIT", 1]]
Redirected to http://localhost:3000/
Completed 302 Found in 361ms (ActiveRecord: 0.3ms | Allocations: 3812)


Started GET "/" for ::1 at 2022-07-05 15:22:10 +0300
Processing by HomeController#index as HTML
  Rendering home/index.html.erb within layouts/application
  Rendered home/index.html.erb within layouts/application (Duration: 0.1ms | Allocations: 4)
  [1m[36mUser Load (0.2ms)[0m  [1m[34mSELECT "users".* FROM "users" WHERE "users"."id" = ? ORDER BY "users"."id" ASC LIMIT ?[0m  [["id", 2], ["LIMIT", 1]]
  ↳ app/views/layouts/application.html.erb:17
Completed 200 OK in 7ms (Views: 6.3ms | ActiveRecord: 0.2ms | Allocations: 2912)


Started GET "/users/sign_out" for ::1 at 2022-07-05 15:22:12 +0300
Processing by Devise::SessionsController#destroy as HTML
  [1m[36mUser Load (0.2ms)[0m  [1m[34mSELECT "users".* FROM "users" WHERE "users"."id" = ? ORDER BY "users"."id" ASC LIMIT ?[0m  [["id", 2], ["LIMIT", 1]]
Redirected to http://localhost:3000/
Completed 302 Found in 5ms (ActiveRecord: 0.2ms | Allocations: 2091)


Started GET "/" for ::1 at 2022-07-05 15:22:12 +0300
Processing by HomeController#index as HTML
  Rendering home/index.html.erb within layouts/application
  Rendered home/index.html.erb within layouts/application (Duration: 0.1ms | Allocations: 4)
Completed 200 OK in 4ms (Views: 3.8ms | ActiveRecord: 0.0ms | Allocations: 2024)


Started GET "/users/sign_up" for ::1 at 2022-07-05 15:22:14 +0300
Processing by Devise::RegistrationsController#new as HTML
  Rendering devise/registrations/new.html.erb within layouts/application
  Rendered devise/shared/_error_messages.html.erb (Duration: 0.1ms | Allocations: 15)
  Rendered devise/shared/_links.html.erb (Duration: 0.4ms | Allocations: 89)
  Rendered devise/registrations/new.html.erb within layouts/application (Duration: 4.5ms | Allocations: 1620)
Completed 200 OK in 20ms (Views: 18.7ms | ActiveRecord: 0.0ms | Allocations: 3877)


Started POST "/users" for ::1 at 2022-07-05 15:22:34 +0300
Processing by Devise::RegistrationsController#create as HTML
  Parameters: {"authenticity_token"=>"ATaPGjjfJPZ4OEJJIhQLmORMTKhJP4s9rW4gQhsR30uL+gp89PsaNkCWCJsx9ZiciiCLFXhvQTVFVc1mii99cw==", "user"=>{"email"=>"Lena-0702@bk.ru", "password"=>"[FILTERED]", "password_confirmation"=>"[FILTERED]"}, "commit"=>"Sign up"}
  [1m[35m (0.1ms)[0m  [1m[36mbegin transaction[0m
  [1m[36mUser Exists? (0.2ms)[0m  [1m[34mSELECT 1 AS one FROM "users" WHERE "users"."email" = ? LIMIT ?[0m  [["email", "lena-0702@bk.ru"], ["LIMIT", 1]]
  [1m[36mUser Create (0.6ms)[0m  [1m[32mINSERT INTO "users" ("email", "encrypted_password", "created_at", "updated_at") VALUES (?, ?, ?, ?)[0m  [["email", "lena-0702@bk.ru"], ["encrypted_password", "$2a$12$RV7bl8PAeJA6laHwmbrTo.EyjP23LGuz1XteJTUeEEL83Qrr3aini"], ["created_at", "2022-07-05 12:22:35.344428"], ["updated_at", "2022-07-05 12:22:35.344428"]]
  [1m[35m (3.2ms)[0m  [1m[36mcommit transaction[0m
Redirected to http://localhost:3000/
Completed 302 Found in 368ms (ActiveRecord: 4.1ms | Allocations: 7557)


Started GET "/" for ::1 at 2022-07-05 15:22:35 +0300
Processing by HomeController#index as HTML
  Rendering home/index.html.erb within layouts/application
  Rendered home/index.html.erb within layouts/application (Duration: 0.0ms | Allocations: 4)
  [1m[36mUser Load (0.2ms)[0m  [1m[34mSELECT "users".* FROM "users" WHERE "users"."id" = ? ORDER BY "users"."id" ASC LIMIT ?[0m  [["id", 3], ["LIMIT", 1]]
  ↳ app/views/layouts/application.html.erb:17
Completed 200 OK in 6ms (Views: 5.2ms | ActiveRecord: 0.2ms | Allocations: 2907)


Started GET "/" for ::1 at 2022-07-05 15:45:03 +0300
  [1m[35m (0.1ms)[0m  [1m[34mSELECT sqlite_version(*)[0m
Processing by HomeController#index as HTML
  Rendering home/index.html.erb within layouts/application
  Rendered home/index.html.erb within layouts/application (Duration: 0.1ms | Allocations: 4)
  [1m[36mUser Load (0.3ms)[0m  [1m[34mSELECT "users".* FROM "users" WHERE "users"."id" = ? ORDER BY "users"."id" ASC LIMIT ?[0m  [["id", 3], ["LIMIT", 1]]
  ↳ app/views/layouts/application.html.erb:17
Completed 200 OK in 39ms (Views: 37.5ms | ActiveRecord: 0.3ms | Allocations: 7124)


Started GET "/users/sign_out" for ::1 at 2022-07-05 15:45:08 +0300
Processing by Devise::SessionsController#destroy as HTML
  [1m[36mUser Load (0.2ms)[0m  [1m[34mSELECT "users".* FROM "users" WHERE "users"."id" = ? ORDER BY "users"."id" ASC LIMIT ?[0m  [["id", 3], ["LIMIT", 1]]
Redirected to http://localhost:3000/
Completed 302 Found in 12ms (ActiveRecord: 0.2ms | Allocations: 2331)


Started GET "/" for ::1 at 2022-07-05 15:45:08 +0300
Processing by HomeController#index as HTML
  Rendering home/index.html.erb within layouts/application
  Rendered home/index.html.erb within layouts/application (Duration: 0.1ms | Allocations: 4)
Completed 200 OK in 19ms (Views: 17.9ms | ActiveRecord: 0.0ms | Allocations: 2041)


Started GET "/users/sign_in" for ::1 at 2022-07-05 15:45:10 +0300
Processing by Devise::SessionsController#new as HTML
  Rendering devise/sessions/new.html.erb within layouts/application
  Rendered devise/shared/_links.html.erb (Duration: 0.4ms | Allocations: 160)
  Rendered devise/sessions/new.html.erb within layouts/application (Duration: 3.0ms | Allocations: 1394)
Completed 200 OK in 8ms (Views: 6.9ms | ActiveRecord: 0.0ms | Allocations: 3773)


Started GET "/users/password/new" for ::1 at 2022-07-05 15:45:12 +0300
Processing by Devise::PasswordsController#new as HTML
  Rendering devise/passwords/new.html.erb within layouts/application
  Rendered devise/shared/_error_messages.html.erb (Duration: 0.1ms | Allocations: 15)
  Rendered devise/shared/_links.html.erb (Duration: 0.9ms | Allocations: 156)
  Rendered devise/passwords/new.html.erb within layouts/application (Duration: 5.6ms | Allocations: 1117)
Completed 200 OK in 13ms (Views: 11.8ms | ActiveRecord: 0.0ms | Allocations: 3945)


Started POST "/users/password" for ::1 at 2022-07-05 15:45:19 +0300
Processing by Devise::PasswordsController#create as HTML
  Parameters: {"authenticity_token"=>"qxTuYr4kDaCkyaJl9AdWe+z0GR7nb6nqMzpD4PxDoDSiIvC5dmtGRiVIpqkTXtuvsNtOmFF+9GktchBYwDanvg==", "user"=>{"email"=>"Lena-0702@bk.ru"}, "commit"=>"Send me reset password instructions"}
  [1m[36mUser Load (0.3ms)[0m  [1m[34mSELECT "users".* FROM "users" WHERE "users"."email" = ? ORDER BY "users"."id" ASC LIMIT ?[0m  [["email", "lena-0702@bk.ru"], ["LIMIT", 1]]
  [1m[36mUser Load (0.3ms)[0m  [1m[34mSELECT "users".* FROM "users" WHERE "users"."reset_password_token" = ? ORDER BY "users"."id" ASC LIMIT ?[0m  [["reset_password_token", "30112f681c7d5613519c142a228613b105caecbfcc50933973a7ede68f86140d"], ["LIMIT", 1]]
  [1m[35m (0.1ms)[0m  [1m[36mbegin transaction[0m
  [1m[36mUser Update (0.6ms)[0m  [1m[33mUPDATE "users" SET "reset_password_token" = ?, "reset_password_sent_at" = ?, "updated_at" = ? WHERE "users"."id" = ?[0m  [["reset_password_token", "30112f681c7d5613519c142a228613b105caecbfcc50933973a7ede68f86140d"], ["reset_password_sent_at", "2022-07-05 12:45:19.492821"], ["updated_at", "2022-07-05 12:45:19.493008"], ["id", 3]]
  [1m[35m (3.2ms)[0m  [1m[36mcommit transaction[0m
  Rendering devise/mailer/reset_password_instructions.html.erb
  Rendered devise/mailer/reset_password_instructions.html.erb (Duration: 4.0ms | Allocations: 1867)
Devise::Mailer#reset_password_instructions: processed outbound mail in 12.5ms
Completed 500 Internal Server Error in 319ms (ActiveRecord: 4.5ms | Allocations: 29727)


  
ActionView::Template::Error (Missing host to link to! Please provide the :host parameter, set default_url_options[:host], or set :only_path to true):
    2: 
    3: <p>Someone has requested a link to change your password. You can do this through the link below.</p>
    4: 
    5: <p><%= link_to 'Change my password', edit_password_url(@resource, reset_password_token: @token) %></p>
    6: 
    7: <p>If you didn't request this, please ignore this email.</p>
    8: <p>Your password won't change until you access the link above and create a new one.</p>
  
app/views/devise/mailer/reset_password_instructions.html.erb:5
Started POST "/users/password" for ::1 at 2022-07-05 15:51:24 +0300
  [1m[35m (0.2ms)[0m  [1m[34mSELECT sqlite_version(*)[0m
  [1m[35m (0.2ms)[0m  [1m[34mSELECT "schema_migrations"."version" FROM "schema_migrations" ORDER BY "schema_migrations"."version" ASC[0m
Processing by Devise::PasswordsController#create as HTML
  Parameters: {"authenticity_token"=>"qxTuYr4kDaCkyaJl9AdWe+z0GR7nb6nqMzpD4PxDoDSiIvC5dmtGRiVIpqkTXtuvsNtOmFF+9GktchBYwDanvg==", "user"=>{"email"=>"Lena-0702@bk.ru"}, "commit"=>"Send me reset password instructions"}
  [1m[36mUser Load (0.4ms)[0m  [1m[34mSELECT "users".* FROM "users" WHERE "users"."email" = ? ORDER BY "users"."id" ASC LIMIT ?[0m  [["email", "lena-0702@bk.ru"], ["LIMIT", 1]]
  [1m[36mUser Load (0.3ms)[0m  [1m[34mSELECT "users".* FROM "users" WHERE "users"."reset_password_token" = ? ORDER BY "users"."id" ASC LIMIT ?[0m  [["reset_password_token", "bfa63173c2a337c35686011b393211eb02e7569b3852ac4f516a1e8f49cd943c"], ["LIMIT", 1]]
  [1m[35m (0.1ms)[0m  [1m[36mbegin transaction[0m
  [1m[36mUser Update (0.8ms)[0m  [1m[33mUPDATE "users" SET "reset_password_token" = ?, "reset_password_sent_at" = ?, "updated_at" = ? WHERE "users"."id" = ?[0m  [["reset_password_token", "bfa63173c2a337c35686011b393211eb02e7569b3852ac4f516a1e8f49cd943c"], ["reset_password_sent_at", "2022-07-05 12:51:24.712474"], ["updated_at", "2022-07-05 12:51:24.712727"], ["id", 3]]
  [1m[35m (3.2ms)[0m  [1m[36mcommit transaction[0m
  Rendering devise/mailer/reset_password_instructions.html.erb
  Rendered devise/mailer/reset_password_instructions.html.erb (Duration: 0.8ms | Allocations: 1087)
Devise::Mailer#reset_password_instructions: processed outbound mail in 2.3ms
Completed 500 Internal Server Error in 22ms (ActiveRecord: 4.8ms | Allocations: 10276)


  
ActionView::Template::Error (Missing host to link to! Please provide the :host parameter, set default_url_options[:host], or set :only_path to true):
    2: 
    3: <p>Someone has requested a link to change your password. You can do this through the link below.</p>
    4: 
    5: <p><%= link_to 'Change my password', edit_password_url(@resource, reset_password_token: @token) %></p>
    6: 
    7: <p>If you didn't request this, please ignore this email.</p>
    8: <p>Your password won't change until you access the link above and create a new one.</p>
  
app/views/devise/mailer/reset_password_instructions.html.erb:5
Started GET "/" for ::1 at 2022-07-05 15:51:31 +0300
Processing by HomeController#index as HTML
  Rendering home/index.html.erb within layouts/application
  Rendered home/index.html.erb within layouts/application (Duration: 0.1ms | Allocations: 4)
Completed 200 OK in 6ms (Views: 4.6ms | ActiveRecord: 0.0ms | Allocations: 2059)


Started GET "/users/sign_in" for ::1 at 2022-07-05 15:51:33 +0300
Processing by Devise::SessionsController#new as HTML
  Rendering devise/sessions/new.html.erb within layouts/application
  Rendered devise/shared/_links.html.erb (Duration: 0.3ms | Allocations: 151)
  Rendered devise/sessions/new.html.erb within layouts/application (Duration: 4.4ms | Allocations: 1344)
Completed 200 OK in 12ms (Views: 10.7ms | ActiveRecord: 0.0ms | Allocations: 3545)


Started GET "/users/password/new" for ::1 at 2022-07-05 15:51:36 +0300
Processing by Devise::PasswordsController#new as HTML
  Rendering devise/passwords/new.html.erb within layouts/application
  Rendered devise/shared/_error_messages.html.erb (Duration: 0.1ms | Allocations: 15)
  Rendered devise/shared/_links.html.erb (Duration: 0.5ms | Allocations: 148)
  Rendered devise/passwords/new.html.erb within layouts/application (Duration: 3.1ms | Allocations: 870)
Completed 200 OK in 10ms (Views: 8.5ms | ActiveRecord: 0.0ms | Allocations: 2965)


Started POST "/users/password" for ::1 at 2022-07-05 15:51:40 +0300
Processing by Devise::PasswordsController#create as HTML
  Parameters: {"authenticity_token"=>"g0BHAMr8kMHUkHvJw2dGxtUFxLGiv9wBJYFFz+egE0eKdlnbArPbJ1URfwUkPssSiSqTNxSugYI7yRZ329UUzQ==", "user"=>{"email"=>"Lena-0702@bk.ru"}, "commit"=>"Send me reset password instructions"}
  [1m[36mUser Load (0.2ms)[0m  [1m[34mSELECT "users".* FROM "users" WHERE "users"."email" = ? ORDER BY "users"."id" ASC LIMIT ?[0m  [["email", "lena-0702@bk.ru"], ["LIMIT", 1]]
  [1m[36mUser Load (0.4ms)[0m  [1m[34mSELECT "users".* FROM "users" WHERE "users"."reset_password_token" = ? ORDER BY "users"."id" ASC LIMIT ?[0m  [["reset_password_token", "5e2504de4e71e984c135be4cf6409b6948402ffd206257df94a7bae6cde48680"], ["LIMIT", 1]]
  [1m[35m (0.1ms)[0m  [1m[36mbegin transaction[0m
  [1m[36mUser Update (0.7ms)[0m  [1m[33mUPDATE "users" SET "reset_password_token" = ?, "reset_password_sent_at" = ?, "updated_at" = ? WHERE "users"."id" = ?[0m  [["reset_password_token", "5e2504de4e71e984c135be4cf6409b6948402ffd206257df94a7bae6cde48680"], ["reset_password_sent_at", "2022-07-05 12:51:40.890677"], ["updated_at", "2022-07-05 12:51:40.890914"], ["id", 3]]
  [1m[35m (1.4ms)[0m  [1m[36mcommit transaction[0m
  Rendering devise/mailer/reset_password_instructions.html.erb
  Rendered devise/mailer/reset_password_instructions.html.erb (Duration: 0.9ms | Allocations: 1085)
Devise::Mailer#reset_password_instructions: processed outbound mail in 2.2ms
Completed 500 Internal Server Error in 30ms (ActiveRecord: 2.8ms | Allocations: 10130)


  
ActionView::Template::Error (Missing host to link to! Please provide the :host parameter, set default_url_options[:host], or set :only_path to true):
    2: 
    3: <p>Someone has requested a link to change your password. You can do this through the link below.</p>
    4: 
    5: <p><%= link_to 'Change my password', edit_password_url(@resource, reset_password_token: @token) %></p>
    6: 
    7: <p>If you didn't request this, please ignore this email.</p>
    8: <p>Your password won't change until you access the link above and create a new one.</p>
  
app/views/devise/mailer/reset_password_instructions.html.erb:5
Started GET "/users/password" for ::1 at 2022-07-05 15:55:32 +0300
  
ActionController::RoutingError (No route matches [GET] "/users/password"):
  
actionpack (6.0.5) lib/action_dispatch/middleware/debug_exceptions.rb:36:in `call'
web-console (4.2.0) lib/web_console/middleware.rb:132:in `call_app'
web-console (4.2.0) lib/web_console/middleware.rb:28:in `block in call'
web-console (4.2.0) lib/web_console/middleware.rb:17:in `catch'
web-console (4.2.0) lib/web_console/middleware.rb:17:in `call'
actionpack (6.0.5) lib/action_dispatch/middleware/show_exceptions.rb:33:in `call'
railties (6.0.5) lib/rails/rack/logger.rb:37:in `call_app'
railties (6.0.5) lib/rails/rack/logger.rb:26:in `block in call'
activesupport (6.0.5) lib/active_support/tagged_logging.rb:80:in `block in tagged'
activesupport (6.0.5) lib/active_support/tagged_logging.rb:28:in `tagged'
activesupport (6.0.5) lib/active_support/tagged_logging.rb:80:in `tagged'
railties (6.0.5) lib/rails/rack/logger.rb:26:in `call'
sprockets-rails (3.4.2) lib/sprockets/rails/quiet_assets.rb:13:in `call'
actionpack (6.0.5) lib/action_dispatch/middleware/remote_ip.rb:81:in `call'
actionpack (6.0.5) lib/action_dispatch/middleware/request_id.rb:27:in `call'
rack (2.2.4) lib/rack/method_override.rb:24:in `call'
rack (2.2.4) lib/rack/runtime.rb:22:in `call'
activesupport (6.0.5) lib/active_support/cache/strategy/local_cache_middleware.rb:29:in `call'
actionpack (6.0.5) lib/action_dispatch/middleware/executor.rb:14:in `call'
actionpack (6.0.5) lib/action_dispatch/middleware/static.rb:126:in `call'
rack (2.2.4) lib/rack/sendfile.rb:110:in `call'
actionpack (6.0.5) lib/action_dispatch/middleware/host_authorization.rb:103:in `call'
webpacker (4.3.0) lib/webpacker/dev_server_proxy.rb:23:in `perform_request'
rack-proxy (0.7.2) lib/rack/proxy.rb:67:in `call'
railties (6.0.5) lib/rails/engine.rb:527:in `call'
puma (4.3.12) lib/puma/configuration.rb:228:in `call'
puma (4.3.12) lib/puma/server.rb:727:in `handle_request'
puma (4.3.12) lib/puma/server.rb:476:in `process_client'
puma (4.3.12) lib/puma/server.rb:332:in `block in run'
puma (4.3.12) lib/puma/thread_pool.rb:134:in `block in spawn_thread'
Started GET "/" for ::1 at 2022-07-05 15:55:37 +0300
Processing by HomeController#index as HTML
  Rendering home/index.html.erb within layouts/application
  Rendered home/index.html.erb within layouts/application (Duration: 0.1ms | Allocations: 4)
Completed 200 OK in 10ms (Views: 8.6ms | ActiveRecord: 0.0ms | Allocations: 2023)


Started GET "/users/sign_in" for ::1 at 2022-07-05 15:55:39 +0300
Processing by Devise::SessionsController#new as HTML
  Rendering devise/sessions/new.html.erb within layouts/application
  Rendered devise/shared/_links.html.erb (Duration: 0.4ms | Allocations: 149)
  Rendered devise/sessions/new.html.erb within layouts/application (Duration: 4.2ms | Allocations: 1323)
Completed 200 OK in 11ms (Views: 9.9ms | ActiveRecord: 0.0ms | Allocations: 3505)


Started GET "/users/password/new" for ::1 at 2022-07-05 15:55:41 +0300
Processing by Devise::PasswordsController#new as HTML
  Rendering devise/passwords/new.html.erb within layouts/application
  Rendered devise/shared/_error_messages.html.erb (Duration: 0.0ms | Allocations: 15)
  Rendered devise/shared/_links.html.erb (Duration: 0.4ms | Allocations: 146)
  Rendered devise/passwords/new.html.erb within layouts/application (Duration: 3.0ms | Allocations: 859)
Completed 200 OK in 8ms (Views: 7.0ms | ActiveRecord: 0.0ms | Allocations: 2946)


Started POST "/users/password" for ::1 at 2022-07-05 15:55:45 +0300
Processing by Devise::PasswordsController#create as HTML
  Parameters: {"authenticity_token"=>"NFWhLYxWCKnSxC/n3Yq47sgc8xqAorQYhTZmyNchyYo9Y7/2RBlDT1NFKys60zU6lDOknDaz6ZubfjVw61TOAA==", "user"=>{"email"=>"Lena-0702@bk.ru"}, "commit"=>"Send me reset password instructions"}
  [1m[36mUser Load (0.3ms)[0m  [1m[34mSELECT "users".* FROM "users" WHERE "users"."email" = ? ORDER BY "users"."id" ASC LIMIT ?[0m  [["email", "lena-0702@bk.ru"], ["LIMIT", 1]]
  [1m[36mUser Load (0.2ms)[0m  [1m[34mSELECT "users".* FROM "users" WHERE "users"."reset_password_token" = ? ORDER BY "users"."id" ASC LIMIT ?[0m  [["reset_password_token", "0b11a899c8d93fb0cbc06fdaf62615495f1674e1ec1a09d3d4ffbb87f9fcd5c1"], ["LIMIT", 1]]
  [1m[35m (0.1ms)[0m  [1m[36mbegin transaction[0m
  [1m[36mUser Update (0.7ms)[0m  [1m[33mUPDATE "users" SET "reset_password_token" = ?, "reset_password_sent_at" = ?, "updated_at" = ? WHERE "users"."id" = ?[0m  [["reset_password_token", "0b11a899c8d93fb0cbc06fdaf62615495f1674e1ec1a09d3d4ffbb87f9fcd5c1"], ["reset_password_sent_at", "2022-07-05 12:55:45.405177"], ["updated_at", "2022-07-05 12:55:45.405444"], ["id", 3]]
  [1m[35m (1.0ms)[0m  [1m[36mcommit transaction[0m
  Rendering devise/mailer/reset_password_instructions.html.erb
  Rendered devise/mailer/reset_password_instructions.html.erb (Duration: 1.2ms | Allocations: 1085)
Devise::Mailer#reset_password_instructions: processed outbound mail in 3.1ms
Completed 500 Internal Server Error in 24ms (ActiveRecord: 2.4ms | Allocations: 10140)


  
ActionView::Template::Error (Missing host to link to! Please provide the :host parameter, set default_url_options[:host], or set :only_path to true):
    2: 
    3: <p>Someone has requested a link to change your password. You can do this through the link below.</p>
    4: 
    5: <p><%= link_to 'Change my password', edit_password_url(@resource, reset_password_token: @token) %></p>
    6: 
    7: <p>If you didn't request this, please ignore this email.</p>
    8: <p>Your password won't change until you access the link above and create a new one.</p>
  
app/views/devise/mailer/reset_password_instructions.html.erb:5
Started POST "/users/password" for ::1 at 2022-07-05 15:56:40 +0300
Processing by Devise::PasswordsController#create as HTML
  Parameters: {"authenticity_token"=>"NFWhLYxWCKnSxC/n3Yq47sgc8xqAorQYhTZmyNchyYo9Y7/2RBlDT1NFKys60zU6lDOknDaz6ZubfjVw61TOAA==", "user"=>{"email"=>"Lena-0702@bk.ru"}, "commit"=>"Send me reset password instructions"}
  [1m[36mUser Load (0.2ms)[0m  [1m[34mSELECT "users".* FROM "users" WHERE "users"."email" = ? ORDER BY "users"."id" ASC LIMIT ?[0m  [["email", "lena-0702@bk.ru"], ["LIMIT", 1]]
  [1m[36mUser Load (0.2ms)[0m  [1m[34mSELECT "users".* FROM "users" WHERE "users"."reset_password_token" = ? ORDER BY "users"."id" ASC LIMIT ?[0m  [["reset_password_token", "a4ef72f19d43a3fd7d05101d681e53cc5144744bb035606f037efe9636ed74f1"], ["LIMIT", 1]]
  [1m[35m (0.1ms)[0m  [1m[36mbegin transaction[0m
  [1m[36mUser Update (0.7ms)[0m  [1m[33mUPDATE "users" SET "reset_password_token" = ?, "reset_password_sent_at" = ?, "updated_at" = ? WHERE "users"."id" = ?[0m  [["reset_password_token", "a4ef72f19d43a3fd7d05101d681e53cc5144744bb035606f037efe9636ed74f1"], ["reset_password_sent_at", "2022-07-05 12:56:40.303648"], ["updated_at", "2022-07-05 12:56:40.303825"], ["id", 3]]
  [1m[35m (5.2ms)[0m  [1m[36mcommit transaction[0m
  Rendering devise/mailer/reset_password_instructions.html.erb
  Rendered devise/mailer/reset_password_instructions.html.erb (Duration: 1.2ms | Allocations: 1085)
Devise::Mailer#reset_password_instructions: processed outbound mail in 2.6ms
Completed 500 Internal Server Error in 23ms (ActiveRecord: 6.4ms | Allocations: 10139)


  
ActionView::Template::Error (Missing host to link to! Please provide the :host parameter, set default_url_options[:host], or set :only_path to true):
    2: 
    3: <p>Someone has requested a link to change your password. You can do this through the link below.</p>
    4: 
    5: <p><%= link_to 'Change my password', edit_password_url(@resource, reset_password_token: @token) %></p>
    6: 
    7: <p>If you didn't request this, please ignore this email.</p>
    8: <p>Your password won't change until you access the link above and create a new one.</p>
  
app/views/devise/mailer/reset_password_instructions.html.erb:5
Started GET "/" for ::1 at 2022-07-05 15:56:45 +0300
Processing by HomeController#index as HTML
  Rendering home/index.html.erb within layouts/application
  Rendered home/index.html.erb within layouts/application (Duration: 0.1ms | Allocations: 4)
Completed 200 OK in 9ms (Views: 8.1ms | ActiveRecord: 0.0ms | Allocations: 2033)


Started GET "/users/sign_in" for ::1 at 2022-07-05 15:56:47 +0300
Processing by Devise::SessionsController#new as HTML
  Rendering devise/sessions/new.html.erb within layouts/application
  Rendered devise/shared/_links.html.erb (Duration: 0.3ms | Allocations: 149)
  Rendered devise/sessions/new.html.erb within layouts/application (Duration: 2.6ms | Allocations: 1323)
Completed 200 OK in 9ms (Views: 7.2ms | ActiveRecord: 0.0ms | Allocations: 3517)


Started GET "/users/password/new" for ::1 at 2022-07-05 15:56:48 +0300
Processing by Devise::PasswordsController#new as HTML
  Rendering devise/passwords/new.html.erb within layouts/application
  Rendered devise/shared/_error_messages.html.erb (Duration: 0.0ms | Allocations: 15)
  Rendered devise/shared/_links.html.erb (Duration: 0.3ms | Allocations: 146)
  Rendered devise/passwords/new.html.erb within layouts/application (Duration: 2.3ms | Allocations: 859)
Completed 200 OK in 8ms (Views: 6.4ms | ActiveRecord: 0.0ms | Allocations: 2966)


Started POST "/users/password" for ::1 at 2022-07-05 15:56:51 +0300
Processing by Devise::PasswordsController#create as HTML
  Parameters: {"authenticity_token"=>"dsuPETQO/vbqEnn1xaGtwfYMaN46TbJf4j7Gvlj7D71//ZHK/EG1EGuTfTki+CAVqiM/WIxc79z8dpUGZI4INw==", "user"=>{"email"=>"Lena-0702@bk.ru"}, "commit"=>"Send me reset password instructions"}
  [1m[36mUser Load (0.3ms)[0m  [1m[34mSELECT "users".* FROM "users" WHERE "users"."email" = ? ORDER BY "users"."id" ASC LIMIT ?[0m  [["email", "lena-0702@bk.ru"], ["LIMIT", 1]]
  [1m[36mUser Load (0.2ms)[0m  [1m[34mSELECT "users".* FROM "users" WHERE "users"."reset_password_token" = ? ORDER BY "users"."id" ASC LIMIT ?[0m  [["reset_password_token", "b78deaa9732dc6f7d4355fb30701d0b9188332b1843cc70f070891c461d952ed"], ["LIMIT", 1]]
  [1m[35m (0.1ms)[0m  [1m[36mbegin transaction[0m
  [1m[36mUser Update (0.8ms)[0m  [1m[33mUPDATE "users" SET "reset_password_token" = ?, "reset_password_sent_at" = ?, "updated_at" = ? WHERE "users"."id" = ?[0m  [["reset_password_token", "b78deaa9732dc6f7d4355fb30701d0b9188332b1843cc70f070891c461d952ed"], ["reset_password_sent_at", "2022-07-05 12:56:51.965243"], ["updated_at", "2022-07-05 12:56:51.965425"], ["id", 3]]
  [1m[35m (1.1ms)[0m  [1m[36mcommit transaction[0m
  Rendering devise/mailer/reset_password_instructions.html.erb
  Rendered devise/mailer/reset_password_instructions.html.erb (Duration: 0.8ms | Allocations: 1085)
Devise::Mailer#reset_password_instructions: processed outbound mail in 2.7ms
Completed 500 Internal Server Error in 20ms (ActiveRecord: 2.4ms | Allocations: 10133)


  
ActionView::Template::Error (Missing host to link to! Please provide the :host parameter, set default_url_options[:host], or set :only_path to true):
    2: 
    3: <p>Someone has requested a link to change your password. You can do this through the link below.</p>
    4: 
    5: <p><%= link_to 'Change my password', edit_password_url(@resource, reset_password_token: @token) %></p>
    6: 
    7: <p>If you didn't request this, please ignore this email.</p>
    8: <p>Your password won't change until you access the link above and create a new one.</p>
  
app/views/devise/mailer/reset_password_instructions.html.erb:5
Started GET "/" for ::1 at 2022-07-05 15:59:44 +0300
Processing by HomeController#index as HTML
  Rendering home/index.html.erb within layouts/application
  Rendered home/index.html.erb within layouts/application (Duration: 0.1ms | Allocations: 4)
Completed 200 OK in 7ms (Views: 6.3ms | ActiveRecord: 0.0ms | Allocations: 2027)


Started GET "/users/sign_in" for ::1 at 2022-07-05 15:59:47 +0300
Processing by Devise::SessionsController#new as HTML
  Rendering devise/sessions/new.html.erb within layouts/application
  Rendered devise/shared/_links.html.erb (Duration: 0.3ms | Allocations: 149)
  Rendered devise/sessions/new.html.erb within layouts/application (Duration: 3.1ms | Allocations: 1323)
Completed 200 OK in 12ms (Views: 10.8ms | ActiveRecord: 0.0ms | Allocations: 3526)


Started GET "/users/password/new" for ::1 at 2022-07-05 15:59:48 +0300
Processing by Devise::PasswordsController#new as HTML
  Rendering devise/passwords/new.html.erb within layouts/application
  Rendered devise/shared/_error_messages.html.erb (Duration: 0.1ms | Allocations: 15)
  Rendered devise/shared/_links.html.erb (Duration: 0.4ms | Allocations: 146)
  Rendered devise/passwords/new.html.erb within layouts/application (Duration: 3.3ms | Allocations: 859)
Completed 200 OK in 10ms (Views: 8.4ms | ActiveRecord: 0.0ms | Allocations: 2968)


Started POST "/users/password" for ::1 at 2022-07-05 15:59:51 +0300
Processing by Devise::PasswordsController#create as HTML
  Parameters: {"authenticity_token"=>"1sBkdDzk4kfaHxXXem1sZHHPvDTTvqN7aqE7KHRzeDvf9nqv9KupoVueERudNOGwLeDrsmWv/vh06WiQSAZ/sQ==", "user"=>{"email"=>"Lena-0702@bk.ru"}, "commit"=>"Send me reset password instructions"}
  [1m[36mUser Load (0.2ms)[0m  [1m[34mSELECT "users".* FROM "users" WHERE "users"."email" = ? ORDER BY "users"."id" ASC LIMIT ?[0m  [["email", "lena-0702@bk.ru"], ["LIMIT", 1]]
  [1m[36mUser Load (0.2ms)[0m  [1m[34mSELECT "users".* FROM "users" WHERE "users"."reset_password_token" = ? ORDER BY "users"."id" ASC LIMIT ?[0m  [["reset_password_token", "447bd8febad6d25d0c1f596f6ed98ef16e30c7328edab87257d990cf8be87747"], ["LIMIT", 1]]
  [1m[35m (0.1ms)[0m  [1m[36mbegin transaction[0m
  [1m[36mUser Update (0.9ms)[0m  [1m[33mUPDATE "users" SET "reset_password_token" = ?, "reset_password_sent_at" = ?, "updated_at" = ? WHERE "users"."id" = ?[0m  [["reset_password_token", "447bd8febad6d25d0c1f596f6ed98ef16e30c7328edab87257d990cf8be87747"], ["reset_password_sent_at", "2022-07-05 12:59:51.216257"], ["updated_at", "2022-07-05 12:59:51.216533"], ["id", 3]]
  [1m[35m (1.2ms)[0m  [1m[36mcommit transaction[0m
  Rendering devise/mailer/reset_password_instructions.html.erb
  Rendered devise/mailer/reset_password_instructions.html.erb (Duration: 1.2ms | Allocations: 1085)
Devise::Mailer#reset_password_instructions: processed outbound mail in 2.9ms
Completed 500 Internal Server Error in 23ms (ActiveRecord: 2.6ms | Allocations: 10133)


  
ActionView::Template::Error (Missing host to link to! Please provide the :host parameter, set default_url_options[:host], or set :only_path to true):
    2: 
    3: <p>Someone has requested a link to change your password. You can do this through the link below.</p>
    4: 
    5: <p><%= link_to 'Change my password', edit_password_url(@resource, reset_password_token: @token) %></p>
    6: 
    7: <p>If you didn't request this, please ignore this email.</p>
    8: <p>Your password won't change until you access the link above and create a new one.</p>
  
app/views/devise/mailer/reset_password_instructions.html.erb:5
